{"/home/rohan/git/aion_web3/packages/web3-eth-abi/src/index.js":{"path":"/home/rohan/git/aion_web3/packages/web3-eth-abi/src/index.js","statementMap":{"0":{"start":{"line":26,"column":8},"end":{"line":26,"column":29}},"1":{"start":{"line":27,"column":12},"end":{"line":27,"column":38}},"2":{"start":{"line":28,"column":11},"end":{"line":28,"column":21}},"3":{"start":{"line":29,"column":14},"end":{"line":29,"column":33}},"4":{"start":{"line":30,"column":25},"end":{"line":30,"column":59}},"5":{"start":{"line":36,"column":16},"end":{"line":36,"column":34}},"6":{"start":{"line":37,"column":21},"end":{"line":45,"column":2}},"7":{"start":{"line":38,"column":4},"end":{"line":40,"column":5}},"8":{"start":{"line":39,"column":8},"end":{"line":39,"column":32}},"9":{"start":{"line":41,"column":4},"end":{"line":43,"column":5}},"10":{"start":{"line":42,"column":8},"end":{"line":42,"column":32}},"11":{"start":{"line":44,"column":4},"end":{"line":44,"column":17}},"12":{"start":{"line":54,"column":15},"end":{"line":55,"column":1}},"13":{"start":{"line":64,"column":0},"end":{"line":70,"column":2}},"14":{"start":{"line":65,"column":4},"end":{"line":67,"column":5}},"15":{"start":{"line":66,"column":8},"end":{"line":66,"column":72}},"16":{"start":{"line":69,"column":4},"end":{"line":69,"column":49}},"17":{"start":{"line":79,"column":0},"end":{"line":85,"column":2}},"18":{"start":{"line":80,"column":4},"end":{"line":82,"column":5}},"19":{"start":{"line":81,"column":8},"end":{"line":81,"column":72}},"20":{"start":{"line":84,"column":4},"end":{"line":84,"column":36}},"21":{"start":{"line":95,"column":0},"end":{"line":97,"column":2}},"22":{"start":{"line":96,"column":4},"end":{"line":96,"column":50}},"23":{"start":{"line":107,"column":0},"end":{"line":109,"column":2}},"24":{"start":{"line":108,"column":4},"end":{"line":108,"column":63}},"25":{"start":{"line":118,"column":0},"end":{"line":140,"column":2}},"26":{"start":{"line":119,"column":15},"end":{"line":119,"column":19}},"27":{"start":{"line":120,"column":22},"end":{"line":120,"column":24}},"28":{"start":{"line":121,"column":4},"end":{"line":137,"column":7}},"29":{"start":{"line":122,"column":8},"end":{"line":134,"column":9}},"30":{"start":{"line":123,"column":29},"end":{"line":123,"column":49}},"31":{"start":{"line":124,"column":12},"end":{"line":131,"column":14}},"32":{"start":{"line":133,"column":12},"end":{"line":133,"column":19}},"33":{"start":{"line":136,"column":8},"end":{"line":136,"column":31}},"34":{"start":{"line":139,"column":4},"end":{"line":139,"column":23}},"35":{"start":{"line":149,"column":0},"end":{"line":151,"column":2}},"36":{"start":{"line":150,"column":4},"end":{"line":150,"column":114}},"37":{"start":{"line":160,"column":0},"end":{"line":169,"column":2}},"38":{"start":{"line":161,"column":15},"end":{"line":161,"column":22}},"39":{"start":{"line":163,"column":4},"end":{"line":166,"column":5}},"40":{"start":{"line":164,"column":8},"end":{"line":164,"column":25}},"41":{"start":{"line":165,"column":8},"end":{"line":165,"column":45}},"42":{"start":{"line":168,"column":4},"end":{"line":168,"column":42}},"43":{"start":{"line":178,"column":0},"end":{"line":202,"column":2}},"44":{"start":{"line":179,"column":15},"end":{"line":179,"column":19}},"45":{"start":{"line":180,"column":21},"end":{"line":180,"column":23}},"46":{"start":{"line":181,"column":4},"end":{"line":199,"column":7}},"47":{"start":{"line":182,"column":8},"end":{"line":193,"column":9}},"48":{"start":{"line":183,"column":12},"end":{"line":190,"column":14}},"49":{"start":{"line":192,"column":12},"end":{"line":192,"column":19}},"50":{"start":{"line":195,"column":8},"end":{"line":198,"column":11}},"51":{"start":{"line":201,"column":4},"end":{"line":201,"column":22}},"52":{"start":{"line":212,"column":0},"end":{"line":215,"column":2}},"53":{"start":{"line":213,"column":4},"end":{"line":214,"column":80}},"54":{"start":{"line":225,"column":0},"end":{"line":227,"column":2}},"55":{"start":{"line":226,"column":4},"end":{"line":226,"column":51}},"56":{"start":{"line":230,"column":2},"end":{"line":232,"column":3}},"57":{"start":{"line":231,"column":4},"end":{"line":231,"column":92}},"58":{"start":{"line":234,"column":2},"end":{"line":234,"column":35}},"59":{"start":{"line":245,"column":0},"end":{"line":268,"column":2}},"60":{"start":{"line":246,"column":14},"end":{"line":249,"column":5}},"61":{"start":{"line":251,"column":22},"end":{"line":251,"column":34}},"62":{"start":{"line":252,"column":4},"end":{"line":252,"column":31}},"63":{"start":{"line":254,"column":4},"end":{"line":265,"column":7}},"64":{"start":{"line":255,"column":27},"end":{"line":255,"column":54}},"65":{"start":{"line":256,"column":8},"end":{"line":256,"column":69}},"66":{"start":{"line":258,"column":8},"end":{"line":258,"column":38}},"67":{"start":{"line":260,"column":8},"end":{"line":262,"column":9}},"68":{"start":{"line":261,"column":12},"end":{"line":261,"column":52}},"69":{"start":{"line":264,"column":8},"end":{"line":264,"column":33}},"70":{"start":{"line":267,"column":4},"end":{"line":267,"column":23}},"71":{"start":{"line":279,"column":0},"end":{"line":328,"column":2}},"72":{"start":{"line":280,"column":16},"end":{"line":280,"column":20}},"73":{"start":{"line":281,"column":4},"end":{"line":281,"column":51}},"74":{"start":{"line":283,"column":4},"end":{"line":283,"column":22}},"75":{"start":{"line":285,"column":27},"end":{"line":285,"column":29}},"76":{"start":{"line":286,"column":24},"end":{"line":286,"column":26}},"77":{"start":{"line":287,"column":21},"end":{"line":287,"column":22}},"78":{"start":{"line":291,"column":4},"end":{"line":300,"column":7}},"79":{"start":{"line":292,"column":8},"end":{"line":299,"column":9}},"80":{"start":{"line":293,"column":12},"end":{"line":295,"column":93}},"81":{"start":{"line":294,"column":16},"end":{"line":294,"column":61}},"82":{"start":{"line":296,"column":12},"end":{"line":296,"column":25}},"83":{"start":{"line":298,"column":12},"end":{"line":298,"column":40}},"84":{"start":{"line":303,"column":25},"end":{"line":303,"column":29}},"85":{"start":{"line":304,"column":27},"end":{"line":304,"column":106}},"86":{"start":{"line":306,"column":22},"end":{"line":306,"column":34}},"87":{"start":{"line":307,"column":4},"end":{"line":307,"column":31}},"88":{"start":{"line":310,"column":4},"end":{"line":325,"column":7}},"89":{"start":{"line":311,"column":8},"end":{"line":311,"column":61}},"90":{"start":{"line":313,"column":8},"end":{"line":315,"column":9}},"91":{"start":{"line":314,"column":12},"end":{"line":314,"column":49}},"92":{"start":{"line":316,"column":8},"end":{"line":318,"column":9}},"93":{"start":{"line":317,"column":12},"end":{"line":317,"column":46}},"94":{"start":{"line":320,"column":8},"end":{"line":322,"column":9}},"95":{"start":{"line":321,"column":12},"end":{"line":321,"column":51}},"96":{"start":{"line":324,"column":8},"end":{"line":324,"column":33}},"97":{"start":{"line":327,"column":4},"end":{"line":327,"column":23}},"98":{"start":{"line":330,"column":12},"end":{"line":330,"column":26}},"99":{"start":{"line":332,"column":0},"end":{"line":332,"column":23}}},"fnMap":{"0":{"name":"(anonymous_0)","decl":{"start":{"line":37,"column":35},"end":{"line":37,"column":36}},"loc":{"start":{"line":37,"column":58},"end":{"line":45,"column":1}},"line":37},"1":{"name":"Result","decl":{"start":{"line":48,"column":9},"end":{"line":48,"column":15}},"loc":{"start":{"line":48,"column":18},"end":{"line":49,"column":1}},"line":48},"2":{"name":"(anonymous_2)","decl":{"start":{"line":54,"column":15},"end":{"line":54,"column":16}},"loc":{"start":{"line":54,"column":27},"end":{"line":55,"column":1}},"line":54},"3":{"name":"(anonymous_3)","decl":{"start":{"line":64,"column":45},"end":{"line":64,"column":46}},"loc":{"start":{"line":64,"column":69},"end":{"line":70,"column":1}},"line":64},"4":{"name":"(anonymous_4)","decl":{"start":{"line":79,"column":42},"end":{"line":79,"column":43}},"loc":{"start":{"line":79,"column":66},"end":{"line":85,"column":1}},"line":79},"5":{"name":"(anonymous_5)","decl":{"start":{"line":95,"column":37},"end":{"line":95,"column":38}},"loc":{"start":{"line":95,"column":60},"end":{"line":97,"column":1}},"line":95},"6":{"name":"(anonymous_6)","decl":{"start":{"line":107,"column":38},"end":{"line":107,"column":39}},"loc":{"start":{"line":107,"column":63},"end":{"line":109,"column":1}},"line":107},"7":{"name":"(anonymous_7)","decl":{"start":{"line":118,"column":30},"end":{"line":118,"column":31}},"loc":{"start":{"line":118,"column":47},"end":{"line":140,"column":1}},"line":118},"8":{"name":"(anonymous_8)","decl":{"start":{"line":121,"column":18},"end":{"line":121,"column":19}},"loc":{"start":{"line":121,"column":34},"end":{"line":137,"column":5}},"line":121},"9":{"name":"(anonymous_9)","decl":{"start":{"line":149,"column":46},"end":{"line":149,"column":47}},"loc":{"start":{"line":149,"column":62},"end":{"line":151,"column":1}},"line":149},"10":{"name":"(anonymous_10)","decl":{"start":{"line":160,"column":42},"end":{"line":160,"column":43}},"loc":{"start":{"line":160,"column":64},"end":{"line":169,"column":1}},"line":160},"11":{"name":"(anonymous_11)","decl":{"start":{"line":178,"column":44},"end":{"line":178,"column":45}},"loc":{"start":{"line":178,"column":62},"end":{"line":202,"column":1}},"line":178},"12":{"name":"(anonymous_12)","decl":{"start":{"line":181,"column":32},"end":{"line":181,"column":33}},"loc":{"start":{"line":181,"column":47},"end":{"line":199,"column":5}},"line":181},"13":{"name":"(anonymous_13)","decl":{"start":{"line":212,"column":40},"end":{"line":212,"column":41}},"loc":{"start":{"line":212,"column":73},"end":{"line":215,"column":1}},"line":212},"14":{"name":"(anonymous_14)","decl":{"start":{"line":225,"column":37},"end":{"line":225,"column":38}},"loc":{"start":{"line":225,"column":60},"end":{"line":227,"column":1}},"line":225},"15":{"name":"toNumberString","decl":{"start":{"line":229,"column":9},"end":{"line":229,"column":23}},"loc":{"start":{"line":229,"column":29},"end":{"line":235,"column":1}},"line":229},"16":{"name":"(anonymous_16)","decl":{"start":{"line":245,"column":38},"end":{"line":245,"column":39}},"loc":{"start":{"line":245,"column":64},"end":{"line":268,"column":1}},"line":245},"17":{"name":"(anonymous_17)","decl":{"start":{"line":254,"column":20},"end":{"line":254,"column":21}},"loc":{"start":{"line":254,"column":41},"end":{"line":265,"column":5}},"line":254},"18":{"name":"(anonymous_18)","decl":{"start":{"line":279,"column":31},"end":{"line":279,"column":32}},"loc":{"start":{"line":279,"column":63},"end":{"line":328,"column":1}},"line":279},"19":{"name":"(anonymous_19)","decl":{"start":{"line":291,"column":19},"end":{"line":291,"column":20}},"loc":{"start":{"line":291,"column":39},"end":{"line":300,"column":5}},"line":291},"20":{"name":"(anonymous_20)","decl":{"start":{"line":293,"column":91},"end":{"line":293,"column":92}},"loc":{"start":{"line":293,"column":113},"end":{"line":295,"column":13}},"line":293},"21":{"name":"(anonymous_21)","decl":{"start":{"line":310,"column":19},"end":{"line":310,"column":20}},"loc":{"start":{"line":310,"column":37},"end":{"line":325,"column":5}},"line":310}},"branchMap":{"0":{"loc":{"start":{"line":38,"column":4},"end":{"line":40,"column":5}},"type":"if","locations":[{"start":{"line":38,"column":4},"end":{"line":40,"column":5}},{"start":{"line":38,"column":4},"end":{"line":40,"column":5}}],"line":38},"1":{"loc":{"start":{"line":41,"column":4},"end":{"line":43,"column":5}},"type":"if","locations":[{"start":{"line":41,"column":4},"end":{"line":43,"column":5}},{"start":{"line":41,"column":4},"end":{"line":43,"column":5}}],"line":41},"2":{"loc":{"start":{"line":41,"column":8},"end":{"line":41,"column":108}},"type":"binary-expr","locations":[{"start":{"line":41,"column":8},"end":{"line":41,"column":28}},{"start":{"line":41,"column":32},"end":{"line":41,"column":49}},{"start":{"line":41,"column":54},"end":{"line":41,"column":72}},{"start":{"line":41,"column":76},"end":{"line":41,"column":107}}],"line":41},"3":{"loc":{"start":{"line":65,"column":4},"end":{"line":67,"column":5}},"type":"if","locations":[{"start":{"line":65,"column":4},"end":{"line":67,"column":5}},{"start":{"line":65,"column":4},"end":{"line":67,"column":5}}],"line":65},"4":{"loc":{"start":{"line":80,"column":4},"end":{"line":82,"column":5}},"type":"if","locations":[{"start":{"line":80,"column":4},"end":{"line":82,"column":5}},{"start":{"line":80,"column":4},"end":{"line":82,"column":5}}],"line":80},"5":{"loc":{"start":{"line":122,"column":8},"end":{"line":134,"column":9}},"type":"if","locations":[{"start":{"line":122,"column":8},"end":{"line":134,"column":9}},{"start":{"line":122,"column":8},"end":{"line":134,"column":9}}],"line":122},"6":{"loc":{"start":{"line":150,"column":11},"end":{"line":150,"column":113}},"type":"binary-expr","locations":[{"start":{"line":150,"column":11},"end":{"line":150,"column":35}},{"start":{"line":150,"column":39},"end":{"line":150,"column":77}},{"start":{"line":150,"column":81},"end":{"line":150,"column":113}}],"line":150},"7":{"loc":{"start":{"line":163,"column":4},"end":{"line":166,"column":5}},"type":"if","locations":[{"start":{"line":163,"column":4},"end":{"line":166,"column":5}},{"start":{"line":163,"column":4},"end":{"line":166,"column":5}}],"line":163},"8":{"loc":{"start":{"line":182,"column":8},"end":{"line":193,"column":9}},"type":"if","locations":[{"start":{"line":182,"column":8},"end":{"line":193,"column":9}},{"start":{"line":182,"column":8},"end":{"line":193,"column":9}}],"line":182},"9":{"loc":{"start":{"line":230,"column":2},"end":{"line":232,"column":3}},"type":"if","locations":[{"start":{"line":230,"column":2},"end":{"line":232,"column":3}},{"start":{"line":230,"column":2},"end":{"line":232,"column":3}}],"line":230},"10":{"loc":{"start":{"line":256,"column":23},"end":{"line":256,"column":68}},"type":"cond-expr","locations":[{"start":{"line":256,"column":49},"end":{"line":256,"column":53}},{"start":{"line":256,"column":56},"end":{"line":256,"column":68}}],"line":256},"11":{"loc":{"start":{"line":260,"column":8},"end":{"line":262,"column":9}},"type":"if","locations":[{"start":{"line":260,"column":8},"end":{"line":262,"column":9}},{"start":{"line":260,"column":8},"end":{"line":262,"column":9}}],"line":260},"12":{"loc":{"start":{"line":260,"column":12},"end":{"line":260,"column":45}},"type":"binary-expr","locations":[{"start":{"line":260,"column":12},"end":{"line":260,"column":30}},{"start":{"line":260,"column":34},"end":{"line":260,"column":45}}],"line":260},"13":{"loc":{"start":{"line":281,"column":13},"end":{"line":281,"column":50}},"type":"cond-expr","locations":[{"start":{"line":281,"column":33},"end":{"line":281,"column":39}},{"start":{"line":281,"column":42},"end":{"line":281,"column":50}}],"line":281},"14":{"loc":{"start":{"line":283,"column":11},"end":{"line":283,"column":21}},"type":"binary-expr","locations":[{"start":{"line":283,"column":11},"end":{"line":283,"column":15}},{"start":{"line":283,"column":19},"end":{"line":283,"column":21}}],"line":283},"15":{"loc":{"start":{"line":292,"column":8},"end":{"line":299,"column":9}},"type":"if","locations":[{"start":{"line":292,"column":8},"end":{"line":299,"column":9}},{"start":{"line":292,"column":8},"end":{"line":299,"column":9}}],"line":292},"16":{"loc":{"start":{"line":293,"column":31},"end":{"line":295,"column":92}},"type":"cond-expr","locations":[{"start":{"line":295,"column":18},"end":{"line":295,"column":71}},{"start":{"line":295,"column":74},"end":{"line":295,"column":92}}],"line":293},"17":{"loc":{"start":{"line":304,"column":27},"end":{"line":304,"column":106}},"type":"cond-expr","locations":[{"start":{"line":304,"column":46},"end":{"line":304,"column":101}},{"start":{"line":304,"column":104},"end":{"line":304,"column":106}}],"line":304},"18":{"loc":{"start":{"line":311,"column":25},"end":{"line":311,"column":60}},"type":"cond-expr","locations":[{"start":{"line":311,"column":51},"end":{"line":311,"column":53}},{"start":{"line":311,"column":56},"end":{"line":311,"column":60}}],"line":311},"19":{"loc":{"start":{"line":313,"column":8},"end":{"line":315,"column":9}},"type":"if","locations":[{"start":{"line":313,"column":8},"end":{"line":315,"column":9}},{"start":{"line":313,"column":8},"end":{"line":315,"column":9}}],"line":313},"20":{"loc":{"start":{"line":316,"column":8},"end":{"line":318,"column":9}},"type":"if","locations":[{"start":{"line":316,"column":8},"end":{"line":318,"column":9}},{"start":{"line":316,"column":8},"end":{"line":318,"column":9}}],"line":316},"21":{"loc":{"start":{"line":320,"column":8},"end":{"line":322,"column":9}},"type":"if","locations":[{"start":{"line":320,"column":8},"end":{"line":322,"column":9}},{"start":{"line":320,"column":8},"end":{"line":322,"column":9}}],"line":320}},"s":{"0":1,"1":1,"2":1,"3":1,"4":1,"5":1,"6":1,"7":682,"8":204,"9":478,"10":0,"11":478,"12":1,"13":1,"14":1373,"15":7,"16":1373,"17":1,"18":252,"19":3,"20":252,"21":1,"22":99,"23":1,"24":191,"25":1,"26":415,"27":415,"28":415,"29":507,"30":0,"31":0,"32":0,"33":507,"34":415,"35":1,"36":507,"37":1,"38":0,"39":0,"40":0,"41":0,"42":0,"43":1,"44":0,"45":0,"46":0,"47":0,"48":0,"49":0,"50":0,"51":0,"52":1,"53":3,"54":1,"55":128,"56":0,"57":0,"58":0,"59":1,"60":224,"61":221,"62":221,"63":221,"64":284,"65":284,"66":284,"67":284,"68":93,"69":284,"70":221,"71":1,"72":30,"73":30,"74":30,"75":30,"76":30,"77":30,"78":30,"79":111,"80":56,"81":164,"82":56,"83":55,"84":30,"85":30,"86":30,"87":30,"88":30,"89":111,"90":111,"91":55,"92":111,"93":56,"94":111,"95":111,"96":111,"97":30,"98":1,"99":1},"f":{"0":682,"1":251,"2":1,"3":1373,"4":252,"5":99,"6":191,"7":415,"8":507,"9":507,"10":0,"11":0,"12":0,"13":3,"14":128,"15":0,"16":224,"17":284,"18":30,"19":111,"20":164,"21":111},"b":{"0":[204,478],"1":[0,478],"2":[478,24,0,0],"3":[7,1366],"4":[3,249],"5":[0,507],"6":[507,221,217],"7":[0,0],"8":[0,0],"9":[0,0],"10":[0,284],"11":[93,191],"12":[284,97],"13":[30,0],"14":[30,1],"15":[56,55],"16":[56,0],"17":[29,1],"18":[0,111],"19":[55,56],"20":[56,55],"21":[111,0]},"_coverageSchema":"43e27e138ebf9cfc5966b082cf9a028302ed4184","hash":"b0744664df7997f64fea01beaf8ccc82ff62d55d","contentHash":"404a52859a60fe2c63fcdba943553ef2f52d6655543e4a269dcf4e0523156de6"},"/home/rohan/git/aion_web3/packages/web3-utils/src/index.js":{"path":"/home/rohan/git/aion_web3/packages/web3-utils/src/index.js","statementMap":{"0":{"start":{"line":26,"column":8},"end":{"line":26,"column":29}},"1":{"start":{"line":27,"column":17},"end":{"line":27,"column":42}},"2":{"start":{"line":28,"column":12},"end":{"line":28,"column":33}},"3":{"start":{"line":29,"column":25},"end":{"line":29,"column":59}},"4":{"start":{"line":30,"column":16},"end":{"line":30,"column":36}},"5":{"start":{"line":31,"column":14},"end":{"line":31,"column":33}},"6":{"start":{"line":43,"column":17},"end":{"line":85,"column":1}},"7":{"start":{"line":47,"column":4},"end":{"line":53,"column":5}},"8":{"start":{"line":48,"column":8},"end":{"line":50,"column":9}},"9":{"start":{"line":49,"column":12},"end":{"line":49,"column":61}},"10":{"start":{"line":52,"column":8},"end":{"line":52,"column":48}},"11":{"start":{"line":55,"column":4},"end":{"line":57,"column":5}},"12":{"start":{"line":56,"column":8},"end":{"line":56,"column":33}},"13":{"start":{"line":59,"column":4},"end":{"line":61,"column":5}},"14":{"start":{"line":60,"column":8},"end":{"line":60,"column":24}},"15":{"start":{"line":62,"column":4},"end":{"line":74,"column":5}},"16":{"start":{"line":65,"column":8},"end":{"line":69,"column":9}},"17":{"start":{"line":68,"column":12},"end":{"line":68,"column":40}},"18":{"start":{"line":71,"column":8},"end":{"line":73,"column":14}},"19":{"start":{"line":72,"column":12},"end":{"line":72,"column":26}},"20":{"start":{"line":76,"column":4},"end":{"line":82,"column":5}},"21":{"start":{"line":78,"column":8},"end":{"line":81,"column":14}},"22":{"start":{"line":79,"column":12},"end":{"line":79,"column":41}},"23":{"start":{"line":80,"column":12},"end":{"line":80,"column":41}},"24":{"start":{"line":84,"column":4},"end":{"line":84,"column":19}},"25":{"start":{"line":94,"column":35},"end":{"line":100,"column":1}},"26":{"start":{"line":95,"column":4},"end":{"line":97,"column":5}},"27":{"start":{"line":96,"column":8},"end":{"line":96,"column":25}},"28":{"start":{"line":99,"column":4},"end":{"line":99,"column":79}},"29":{"start":{"line":111,"column":20},"end":{"line":145,"column":1}},"30":{"start":{"line":114,"column":16},"end":{"line":114,"column":18}},"31":{"start":{"line":116,"column":4},"end":{"line":142,"column":7}},"32":{"start":{"line":117,"column":8},"end":{"line":141,"column":9}},"33":{"start":{"line":118,"column":12},"end":{"line":120,"column":13}},"34":{"start":{"line":119,"column":16},"end":{"line":119,"column":92}},"35":{"start":{"line":121,"column":25},"end":{"line":121,"column":27}},"36":{"start":{"line":122,"column":31},"end":{"line":122,"column":54}},"37":{"start":{"line":123,"column":12},"end":{"line":123,"column":83}},"38":{"start":{"line":123,"column":37},"end":{"line":123,"column":81}},"39":{"start":{"line":124,"column":25},"end":{"line":124,"column":70}},"40":{"start":{"line":126,"column":12},"end":{"line":137,"column":13}},"41":{"start":{"line":128,"column":16},"end":{"line":128,"column":71}},"42":{"start":{"line":130,"column":17},"end":{"line":137,"column":13}},"43":{"start":{"line":132,"column":16},"end":{"line":132,"column":66}},"44":{"start":{"line":136,"column":16},"end":{"line":136,"column":47}},"45":{"start":{"line":140,"column":12},"end":{"line":140,"column":35}},"46":{"start":{"line":144,"column":4},"end":{"line":144,"column":17}},"47":{"start":{"line":155,"column":17},"end":{"line":170,"column":1}},"48":{"start":{"line":156,"column":4},"end":{"line":157,"column":69}},"49":{"start":{"line":157,"column":8},"end":{"line":157,"column":69}},"50":{"start":{"line":159,"column":14},"end":{"line":159,"column":16}},"51":{"start":{"line":160,"column":12},"end":{"line":160,"column":13}},"52":{"start":{"line":160,"column":19},"end":{"line":160,"column":29}},"53":{"start":{"line":161,"column":4},"end":{"line":163,"column":5}},"54":{"start":{"line":162,"column":8},"end":{"line":162,"column":14}},"55":{"start":{"line":164,"column":4},"end":{"line":167,"column":5}},"56":{"start":{"line":165,"column":19},"end":{"line":165,"column":49}},"57":{"start":{"line":166,"column":8},"end":{"line":166,"column":41}},"58":{"start":{"line":169,"column":4},"end":{"line":169,"column":15}},"59":{"start":{"line":179,"column":17},"end":{"line":190,"column":1}},"60":{"start":{"line":180,"column":4},"end":{"line":181,"column":22}},"61":{"start":{"line":181,"column":8},"end":{"line":181,"column":22}},"62":{"start":{"line":182,"column":14},"end":{"line":182,"column":16}},"63":{"start":{"line":183,"column":4},"end":{"line":187,"column":5}},"64":{"start":{"line":183,"column":16},"end":{"line":183,"column":17}},"65":{"start":{"line":184,"column":19},"end":{"line":184,"column":36}},"66":{"start":{"line":185,"column":16},"end":{"line":185,"column":33}},"67":{"start":{"line":186,"column":8},"end":{"line":186,"column":42}},"68":{"start":{"line":189,"column":4},"end":{"line":189,"column":22}},"69":{"start":{"line":202,"column":19},"end":{"line":208,"column":1}},"70":{"start":{"line":203,"column":4},"end":{"line":203,"column":46}},"71":{"start":{"line":204,"column":4},"end":{"line":206,"column":5}},"72":{"start":{"line":205,"column":8},"end":{"line":205,"column":154}},"73":{"start":{"line":207,"column":4},"end":{"line":207,"column":16}},"74":{"start":{"line":227,"column":15},"end":{"line":235,"column":1}},"75":{"start":{"line":228,"column":4},"end":{"line":228,"column":30}},"76":{"start":{"line":230,"column":4},"end":{"line":232,"column":5}},"77":{"start":{"line":231,"column":8},"end":{"line":231,"column":106}},"78":{"start":{"line":234,"column":4},"end":{"line":234,"column":115}},"79":{"start":{"line":253,"column":13},"end":{"line":261,"column":1}},"80":{"start":{"line":254,"column":4},"end":{"line":254,"column":30}},"81":{"start":{"line":256,"column":4},"end":{"line":258,"column":5}},"82":{"start":{"line":257,"column":8},"end":{"line":257,"column":106}},"83":{"start":{"line":260,"column":4},"end":{"line":260,"column":111}},"84":{"start":{"line":270,"column":24},"end":{"line":277,"column":1}},"85":{"start":{"line":271,"column":4},"end":{"line":271,"column":50}},"86":{"start":{"line":271,"column":40},"end":{"line":271,"column":50}},"87":{"start":{"line":273,"column":4},"end":{"line":274,"column":86}},"88":{"start":{"line":274,"column":8},"end":{"line":274,"column":86}},"89":{"start":{"line":276,"column":4},"end":{"line":276,"column":59}},"90":{"start":{"line":279,"column":0},"end":{"line":335,"column":2}}},"fnMap":{"0":{"name":"(anonymous_0)","decl":{"start":{"line":43,"column":17},"end":{"line":43,"column":18}},"loc":{"start":{"line":43,"column":61},"end":{"line":85,"column":1}},"line":43},"1":{"name":"(anonymous_1)","decl":{"start":{"line":68,"column":26},"end":{"line":68,"column":27}},"loc":{"start":{"line":68,"column":36},"end":{"line":68,"column":38}},"line":68},"2":{"name":"(anonymous_2)","decl":{"start":{"line":71,"column":19},"end":{"line":71,"column":20}},"loc":{"start":{"line":71,"column":31},"end":{"line":73,"column":9}},"line":71},"3":{"name":"(anonymous_3)","decl":{"start":{"line":78,"column":19},"end":{"line":78,"column":20}},"loc":{"start":{"line":78,"column":31},"end":{"line":81,"column":9}},"line":78},"4":{"name":"(anonymous_4)","decl":{"start":{"line":94,"column":35},"end":{"line":94,"column":36}},"loc":{"start":{"line":94,"column":51},"end":{"line":100,"column":1}},"line":94},"5":{"name":"(anonymous_5)","decl":{"start":{"line":111,"column":20},"end":{"line":111,"column":21}},"loc":{"start":{"line":112,"column":0},"end":{"line":145,"column":1}},"line":112},"6":{"name":"(anonymous_6)","decl":{"start":{"line":116,"column":17},"end":{"line":116,"column":18}},"loc":{"start":{"line":116,"column":33},"end":{"line":142,"column":5}},"line":116},"7":{"name":"(anonymous_7)","decl":{"start":{"line":155,"column":17},"end":{"line":155,"column":18}},"loc":{"start":{"line":155,"column":31},"end":{"line":170,"column":1}},"line":155},"8":{"name":"(anonymous_8)","decl":{"start":{"line":179,"column":17},"end":{"line":179,"column":18}},"loc":{"start":{"line":179,"column":31},"end":{"line":190,"column":1}},"line":179},"9":{"name":"(anonymous_9)","decl":{"start":{"line":202,"column":19},"end":{"line":202,"column":20}},"loc":{"start":{"line":202,"column":35},"end":{"line":208,"column":1}},"line":202},"10":{"name":"(anonymous_10)","decl":{"start":{"line":227,"column":15},"end":{"line":227,"column":16}},"loc":{"start":{"line":227,"column":38},"end":{"line":235,"column":1}},"line":227},"11":{"name":"(anonymous_11)","decl":{"start":{"line":253,"column":13},"end":{"line":253,"column":14}},"loc":{"start":{"line":253,"column":36},"end":{"line":261,"column":1}},"line":253},"12":{"name":"(anonymous_12)","decl":{"start":{"line":270,"column":24},"end":{"line":270,"column":25}},"loc":{"start":{"line":270,"column":43},"end":{"line":277,"column":1}},"line":270}},"branchMap":{"0":{"loc":{"start":{"line":47,"column":4},"end":{"line":53,"column":5}},"type":"if","locations":[{"start":{"line":47,"column":4},"end":{"line":53,"column":5}},{"start":{"line":47,"column":4},"end":{"line":53,"column":5}}],"line":47},"1":{"loc":{"start":{"line":47,"column":7},"end":{"line":47,"column":68}},"type":"binary-expr","locations":[{"start":{"line":47,"column":7},"end":{"line":47,"column":24}},{"start":{"line":47,"column":28},"end":{"line":47,"column":53}},{"start":{"line":47,"column":58},"end":{"line":47,"column":68}}],"line":47},"2":{"loc":{"start":{"line":48,"column":8},"end":{"line":50,"column":9}},"type":"if","locations":[{"start":{"line":48,"column":8},"end":{"line":50,"column":9}},{"start":{"line":48,"column":8},"end":{"line":50,"column":9}}],"line":48},"3":{"loc":{"start":{"line":48,"column":11},"end":{"line":48,"column":58}},"type":"binary-expr","locations":[{"start":{"line":48,"column":11},"end":{"line":48,"column":33}},{"start":{"line":48,"column":37},"end":{"line":48,"column":58}}],"line":48},"4":{"loc":{"start":{"line":55,"column":4},"end":{"line":57,"column":5}},"type":"if","locations":[{"start":{"line":55,"column":4},"end":{"line":57,"column":5}},{"start":{"line":55,"column":4},"end":{"line":57,"column":5}}],"line":55},"5":{"loc":{"start":{"line":59,"column":4},"end":{"line":61,"column":5}},"type":"if","locations":[{"start":{"line":59,"column":4},"end":{"line":61,"column":5}},{"start":{"line":59,"column":4},"end":{"line":61,"column":5}}],"line":59},"6":{"loc":{"start":{"line":62,"column":4},"end":{"line":74,"column":5}},"type":"if","locations":[{"start":{"line":62,"column":4},"end":{"line":74,"column":5}},{"start":{"line":62,"column":4},"end":{"line":74,"column":5}}],"line":62},"7":{"loc":{"start":{"line":65,"column":8},"end":{"line":69,"column":9}},"type":"if","locations":[{"start":{"line":65,"column":8},"end":{"line":69,"column":9}},{"start":{"line":65,"column":8},"end":{"line":69,"column":9}}],"line":65},"8":{"loc":{"start":{"line":65,"column":12},"end":{"line":67,"column":72}},"type":"binary-expr","locations":[{"start":{"line":65,"column":12},"end":{"line":65,"column":19}},{"start":{"line":66,"column":13},"end":{"line":66,"column":44}},{"start":{"line":67,"column":12},"end":{"line":67,"column":45}},{"start":{"line":67,"column":50},"end":{"line":67,"column":72}}],"line":65},"9":{"loc":{"start":{"line":76,"column":4},"end":{"line":82,"column":5}},"type":"if","locations":[{"start":{"line":76,"column":4},"end":{"line":82,"column":5}},{"start":{"line":76,"column":4},"end":{"line":82,"column":5}}],"line":76},"10":{"loc":{"start":{"line":76,"column":7},"end":{"line":76,"column":44}},"type":"binary-expr","locations":[{"start":{"line":76,"column":7},"end":{"line":76,"column":14}},{"start":{"line":76,"column":18},"end":{"line":76,"column":44}}],"line":76},"11":{"loc":{"start":{"line":95,"column":4},"end":{"line":97,"column":5}},"type":"if","locations":[{"start":{"line":95,"column":4},"end":{"line":97,"column":5}},{"start":{"line":95,"column":4},"end":{"line":97,"column":5}}],"line":95},"12":{"loc":{"start":{"line":95,"column":8},"end":{"line":95,"column":70}},"type":"binary-expr","locations":[{"start":{"line":95,"column":8},"end":{"line":95,"column":24}},{"start":{"line":95,"column":28},"end":{"line":95,"column":37}},{"start":{"line":95,"column":41},"end":{"line":95,"column":70}}],"line":95},"13":{"loc":{"start":{"line":117,"column":8},"end":{"line":141,"column":9}},"type":"if","locations":[{"start":{"line":117,"column":8},"end":{"line":141,"column":9}},{"start":{"line":117,"column":8},"end":{"line":141,"column":9}}],"line":117},"14":{"loc":{"start":{"line":118,"column":12},"end":{"line":120,"column":13}},"type":"if","locations":[{"start":{"line":118,"column":12},"end":{"line":120,"column":13}},{"start":{"line":118,"column":12},"end":{"line":120,"column":13}}],"line":118},"15":{"loc":{"start":{"line":123,"column":12},"end":{"line":123,"column":83}},"type":"if","locations":[{"start":{"line":123,"column":12},"end":{"line":123,"column":83}},{"start":{"line":123,"column":12},"end":{"line":123,"column":83}}],"line":123},"16":{"loc":{"start":{"line":126,"column":12},"end":{"line":137,"column":13}},"type":"if","locations":[{"start":{"line":126,"column":12},"end":{"line":137,"column":13}},{"start":{"line":126,"column":12},"end":{"line":137,"column":13}}],"line":126},"17":{"loc":{"start":{"line":126,"column":15},"end":{"line":126,"column":48}},"type":"binary-expr","locations":[{"start":{"line":126,"column":15},"end":{"line":126,"column":32}},{"start":{"line":126,"column":36},"end":{"line":126,"column":48}}],"line":126},"18":{"loc":{"start":{"line":130,"column":17},"end":{"line":137,"column":13}},"type":"if","locations":[{"start":{"line":130,"column":17},"end":{"line":137,"column":13}},{"start":{"line":130,"column":17},"end":{"line":137,"column":13}}],"line":130},"19":{"loc":{"start":{"line":156,"column":4},"end":{"line":157,"column":69}},"type":"if","locations":[{"start":{"line":156,"column":4},"end":{"line":157,"column":69}},{"start":{"line":156,"column":4},"end":{"line":157,"column":69}}],"line":156},"20":{"loc":{"start":{"line":161,"column":4},"end":{"line":163,"column":5}},"type":"if","locations":[{"start":{"line":161,"column":4},"end":{"line":163,"column":5}},{"start":{"line":161,"column":4},"end":{"line":163,"column":5}}],"line":161},"21":{"loc":{"start":{"line":180,"column":4},"end":{"line":181,"column":22}},"type":"if","locations":[{"start":{"line":180,"column":4},"end":{"line":181,"column":22}},{"start":{"line":180,"column":4},"end":{"line":181,"column":22}}],"line":180},"22":{"loc":{"start":{"line":186,"column":15},"end":{"line":186,"column":41}},"type":"cond-expr","locations":[{"start":{"line":186,"column":30},"end":{"line":186,"column":37}},{"start":{"line":186,"column":40},"end":{"line":186,"column":41}}],"line":186},"23":{"loc":{"start":{"line":203,"column":11},"end":{"line":203,"column":45}},"type":"cond-expr","locations":[{"start":{"line":203,"column":18},"end":{"line":203,"column":36}},{"start":{"line":203,"column":39},"end":{"line":203,"column":45}}],"line":203},"24":{"loc":{"start":{"line":204,"column":4},"end":{"line":206,"column":5}},"type":"if","locations":[{"start":{"line":204,"column":4},"end":{"line":206,"column":5}},{"start":{"line":204,"column":4},"end":{"line":206,"column":5}}],"line":204},"25":{"loc":{"start":{"line":230,"column":4},"end":{"line":232,"column":5}},"type":"if","locations":[{"start":{"line":230,"column":4},"end":{"line":232,"column":5}},{"start":{"line":230,"column":4},"end":{"line":232,"column":5}}],"line":230},"26":{"loc":{"start":{"line":230,"column":7},"end":{"line":230,"column":49}},"type":"binary-expr","locations":[{"start":{"line":230,"column":7},"end":{"line":230,"column":26}},{"start":{"line":230,"column":30},"end":{"line":230,"column":49}}],"line":230},"27":{"loc":{"start":{"line":234,"column":11},"end":{"line":234,"column":114}},"type":"cond-expr","locations":[{"start":{"line":234,"column":32},"end":{"line":234,"column":65}},{"start":{"line":234,"column":68},"end":{"line":234,"column":114}}],"line":234},"28":{"loc":{"start":{"line":256,"column":4},"end":{"line":258,"column":5}},"type":"if","locations":[{"start":{"line":256,"column":4},"end":{"line":258,"column":5}},{"start":{"line":256,"column":4},"end":{"line":258,"column":5}}],"line":256},"29":{"loc":{"start":{"line":256,"column":7},"end":{"line":256,"column":49}},"type":"binary-expr","locations":[{"start":{"line":256,"column":7},"end":{"line":256,"column":26}},{"start":{"line":256,"column":30},"end":{"line":256,"column":49}}],"line":256},"30":{"loc":{"start":{"line":260,"column":11},"end":{"line":260,"column":110}},"type":"cond-expr","locations":[{"start":{"line":260,"column":32},"end":{"line":260,"column":63}},{"start":{"line":260,"column":66},"end":{"line":260,"column":110}}],"line":260},"31":{"loc":{"start":{"line":271,"column":4},"end":{"line":271,"column":50}},"type":"if","locations":[{"start":{"line":271,"column":4},"end":{"line":271,"column":50}},{"start":{"line":271,"column":4},"end":{"line":271,"column":50}}],"line":271},"32":{"loc":{"start":{"line":273,"column":4},"end":{"line":274,"column":86}},"type":"if","locations":[{"start":{"line":273,"column":4},"end":{"line":274,"column":86}},{"start":{"line":273,"column":4},"end":{"line":274,"column":86}}],"line":273}},"s":{"0":3,"1":3,"2":3,"3":3,"4":3,"5":3,"6":3,"7":13,"8":0,"9":0,"10":0,"11":13,"12":0,"13":13,"14":5,"15":13,"16":13,"17":7,"18":13,"19":13,"20":13,"21":6,"22":6,"23":6,"24":13,"25":3,"26":1637,"27":0,"28":1637,"29":3,"30":1760,"31":1760,"32":2521,"33":123,"34":0,"35":123,"36":123,"37":123,"38":0,"39":123,"40":123,"41":0,"42":123,"43":123,"44":0,"45":2398,"46":1760,"47":3,"48":3,"49":0,"50":3,"51":3,"52":3,"53":3,"54":3,"55":3,"56":97,"57":97,"58":3,"59":3,"60":3,"61":0,"62":3,"63":3,"64":3,"65":97,"66":97,"67":97,"68":3,"69":3,"70":19,"71":19,"72":1,"73":18,"74":3,"75":9,"76":9,"77":0,"78":9,"79":3,"80":10,"81":9,"82":0,"83":9,"84":3,"85":270,"86":2,"87":268,"88":0,"89":268,"90":3},"f":{"0":13,"1":7,"2":13,"3":6,"4":1637,"5":1760,"6":2521,"7":3,"8":3,"9":19,"10":9,"11":10,"12":270},"b":{"0":[0,13],"1":[13,13,3],"2":[0,0],"3":[0,0],"4":[0,13],"5":[5,8],"6":[13,0],"7":[7,6],"8":[13,13,6,11],"9":[6,7],"10":[13,13],"11":[0,1637],"12":[1637,1637,1637],"13":[123,2398],"14":[0,123],"15":[0,123],"16":[0,123],"17":[123,123],"18":[123,0],"19":[0,3],"20":[3,0],"21":[0,3],"22":[16,81],"23":[19,0],"24":[1,18],"25":[0,9],"26":[9,9],"27":[0,9],"28":[0,9],"29":[9,9],"30":[0,9],"31":[2,268],"32":[0,268]},"_coverageSchema":"43e27e138ebf9cfc5966b082cf9a028302ed4184","hash":"6a080ede5fa849479c87c9202f0d9b1162decfe9","contentHash":"37327194e6dd4ca7ff6239f96dba53657d2001f650c7a82a815689be0bee071e"},"/home/rohan/git/aion_web3/packages/web3-utils/src/aion-unit.js":{"path":"/home/rohan/git/aion_web3/packages/web3-utils/src/aion-unit.js","statementMap":{"0":{"start":{"line":1,"column":11},"end":{"line":1,"column":27}},"1":{"start":{"line":2,"column":19},"end":{"line":2,"column":42}},"2":{"start":{"line":4,"column":13},"end":{"line":4,"column":22}},"3":{"start":{"line":5,"column":18},"end":{"line":5,"column":28}},"4":{"start":{"line":8,"column":16},"end":{"line":18,"column":1}},"5":{"start":{"line":29,"column":15},"end":{"line":29,"column":59}},"6":{"start":{"line":30,"column":18},"end":{"line":30,"column":31}},"7":{"start":{"line":32,"column":2},"end":{"line":34,"column":3}},"8":{"start":{"line":33,"column":4},"end":{"line":33,"column":160}},"9":{"start":{"line":36,"column":2},"end":{"line":36,"column":31}},"10":{"start":{"line":40,"column":2},"end":{"line":53,"column":3}},"11":{"start":{"line":41,"column":4},"end":{"line":43,"column":5}},"12":{"start":{"line":42,"column":6},"end":{"line":42,"column":133}},"13":{"start":{"line":44,"column":4},"end":{"line":44,"column":15}},"14":{"start":{"line":45,"column":9},"end":{"line":53,"column":3}},"15":{"start":{"line":46,"column":4},"end":{"line":46,"column":23}},"16":{"start":{"line":47,"column":9},"end":{"line":53,"column":3}},"17":{"start":{"line":48,"column":4},"end":{"line":52,"column":5}},"18":{"start":{"line":49,"column":6},"end":{"line":49,"column":39}},"19":{"start":{"line":51,"column":6},"end":{"line":51,"column":30}},"20":{"start":{"line":54,"column":2},"end":{"line":54,"column":106}},"21":{"start":{"line":58,"column":13},"end":{"line":58,"column":34}},"22":{"start":{"line":59,"column":17},"end":{"line":59,"column":30}},"23":{"start":{"line":60,"column":15},"end":{"line":60,"column":35}},"24":{"start":{"line":61,"column":21},"end":{"line":61,"column":50}},"25":{"start":{"line":62,"column":18},"end":{"line":62,"column":36}},"26":{"start":{"line":64,"column":2},"end":{"line":66,"column":3}},"27":{"start":{"line":65,"column":4},"end":{"line":65,"column":31}},"28":{"start":{"line":68,"column":17},"end":{"line":68,"column":44}},"29":{"start":{"line":70,"column":2},"end":{"line":72,"column":3}},"30":{"start":{"line":71,"column":4},"end":{"line":71,"column":30}},"31":{"start":{"line":74,"column":2},"end":{"line":76,"column":3}},"32":{"start":{"line":75,"column":4},"end":{"line":75,"column":57}},"33":{"start":{"line":78,"column":14},"end":{"line":78,"column":41}},"34":{"start":{"line":80,"column":2},"end":{"line":82,"column":3}},"35":{"start":{"line":81,"column":4},"end":{"line":81,"column":56}},"36":{"start":{"line":84,"column":14},"end":{"line":84,"column":64}},"37":{"start":{"line":86,"column":2},"end":{"line":88,"column":3}},"38":{"start":{"line":87,"column":4},"end":{"line":87,"column":24}},"39":{"start":{"line":90,"column":2},"end":{"line":90,"column":15}},"40":{"start":{"line":94,"column":13},"end":{"line":94,"column":38}},"41":{"start":{"line":95,"column":15},"end":{"line":95,"column":35}},"42":{"start":{"line":96,"column":21},"end":{"line":96,"column":50}},"43":{"start":{"line":99,"column":18},"end":{"line":99,"column":46}},"44":{"start":{"line":100,"column":2},"end":{"line":102,"column":3}},"45":{"start":{"line":101,"column":4},"end":{"line":101,"column":29}},"46":{"start":{"line":104,"column":2},"end":{"line":104,"column":115}},"47":{"start":{"line":104,"column":22},"end":{"line":104,"column":113}},"48":{"start":{"line":107,"column":14},"end":{"line":107,"column":29}},"49":{"start":{"line":108,"column":2},"end":{"line":108,"column":130}},"50":{"start":{"line":108,"column":26},"end":{"line":108,"column":128}},"51":{"start":{"line":110,"column":14},"end":{"line":110,"column":22}},"52":{"start":{"line":110,"column":35},"end":{"line":110,"column":43}},"53":{"start":{"line":112,"column":2},"end":{"line":112,"column":30}},"54":{"start":{"line":112,"column":16},"end":{"line":112,"column":28}},"55":{"start":{"line":113,"column":2},"end":{"line":113,"column":36}},"56":{"start":{"line":113,"column":19},"end":{"line":113,"column":34}},"57":{"start":{"line":114,"column":2},"end":{"line":114,"column":141}},"58":{"start":{"line":114,"column":38},"end":{"line":114,"column":139}},"59":{"start":{"line":116,"column":2},"end":{"line":118,"column":3}},"60":{"start":{"line":117,"column":4},"end":{"line":117,"column":20}},"61":{"start":{"line":120,"column":2},"end":{"line":120,"column":24}},"62":{"start":{"line":121,"column":2},"end":{"line":121,"column":30}},"63":{"start":{"line":122,"column":13},"end":{"line":122,"column":44}},"64":{"start":{"line":124,"column":2},"end":{"line":126,"column":3}},"65":{"start":{"line":125,"column":4},"end":{"line":125,"column":31}},"66":{"start":{"line":128,"column":2},"end":{"line":128,"column":39}},"67":{"start":{"line":131,"column":0},"end":{"line":137,"column":2}}},"fnMap":{"0":{"name":"getValueOfUnit","decl":{"start":{"line":28,"column":9},"end":{"line":28,"column":23}},"loc":{"start":{"line":28,"column":35},"end":{"line":37,"column":1}},"line":28},"1":{"name":"numberToString","decl":{"start":{"line":39,"column":9},"end":{"line":39,"column":23}},"loc":{"start":{"line":39,"column":29},"end":{"line":55,"column":1}},"line":39},"2":{"name":"fromNAmp","decl":{"start":{"line":57,"column":9},"end":{"line":57,"column":17}},"loc":{"start":{"line":57,"column":49},"end":{"line":91,"column":1}},"line":57},"3":{"name":"toNAmp","decl":{"start":{"line":93,"column":9},"end":{"line":93,"column":15}},"loc":{"start":{"line":93,"column":33},"end":{"line":129,"column":1}},"line":93}},"branchMap":{"0":{"loc":{"start":{"line":29,"column":15},"end":{"line":29,"column":59}},"type":"cond-expr","locations":[{"start":{"line":29,"column":27},"end":{"line":29,"column":50}},{"start":{"line":29,"column":53},"end":{"line":29,"column":59}}],"line":29},"1":{"loc":{"start":{"line":32,"column":2},"end":{"line":34,"column":3}},"type":"if","locations":[{"start":{"line":32,"column":2},"end":{"line":34,"column":3}},{"start":{"line":32,"column":2},"end":{"line":34,"column":3}}],"line":32},"2":{"loc":{"start":{"line":40,"column":2},"end":{"line":53,"column":3}},"type":"if","locations":[{"start":{"line":40,"column":2},"end":{"line":53,"column":3}},{"start":{"line":40,"column":2},"end":{"line":53,"column":3}}],"line":40},"3":{"loc":{"start":{"line":41,"column":4},"end":{"line":43,"column":5}},"type":"if","locations":[{"start":{"line":41,"column":4},"end":{"line":43,"column":5}},{"start":{"line":41,"column":4},"end":{"line":43,"column":5}}],"line":41},"4":{"loc":{"start":{"line":45,"column":9},"end":{"line":53,"column":3}},"type":"if","locations":[{"start":{"line":45,"column":9},"end":{"line":53,"column":3}},{"start":{"line":45,"column":9},"end":{"line":53,"column":3}}],"line":45},"5":{"loc":{"start":{"line":47,"column":9},"end":{"line":53,"column":3}},"type":"if","locations":[{"start":{"line":47,"column":9},"end":{"line":53,"column":3}},{"start":{"line":47,"column":9},"end":{"line":53,"column":3}}],"line":47},"6":{"loc":{"start":{"line":47,"column":13},"end":{"line":47,"column":94}},"type":"binary-expr","locations":[{"start":{"line":47,"column":13},"end":{"line":47,"column":36}},{"start":{"line":47,"column":40},"end":{"line":47,"column":52}},{"start":{"line":47,"column":57},"end":{"line":47,"column":67}},{"start":{"line":47,"column":71},"end":{"line":47,"column":93}}],"line":47},"7":{"loc":{"start":{"line":48,"column":4},"end":{"line":52,"column":5}},"type":"if","locations":[{"start":{"line":48,"column":4},"end":{"line":52,"column":5}},{"start":{"line":48,"column":4},"end":{"line":52,"column":5}}],"line":48},"8":{"loc":{"start":{"line":61,"column":21},"end":{"line":61,"column":50}},"type":"binary-expr","locations":[{"start":{"line":61,"column":21},"end":{"line":61,"column":45}},{"start":{"line":61,"column":49},"end":{"line":61,"column":50}}],"line":61},"9":{"loc":{"start":{"line":62,"column":18},"end":{"line":62,"column":36}},"type":"binary-expr","locations":[{"start":{"line":62,"column":18},"end":{"line":62,"column":30}},{"start":{"line":62,"column":34},"end":{"line":62,"column":36}}],"line":62},"10":{"loc":{"start":{"line":64,"column":2},"end":{"line":66,"column":3}},"type":"if","locations":[{"start":{"line":64,"column":2},"end":{"line":66,"column":3}},{"start":{"line":64,"column":2},"end":{"line":66,"column":3}}],"line":64},"11":{"loc":{"start":{"line":74,"column":2},"end":{"line":76,"column":3}},"type":"if","locations":[{"start":{"line":74,"column":2},"end":{"line":76,"column":3}},{"start":{"line":74,"column":2},"end":{"line":76,"column":3}}],"line":74},"12":{"loc":{"start":{"line":80,"column":2},"end":{"line":82,"column":3}},"type":"if","locations":[{"start":{"line":80,"column":2},"end":{"line":82,"column":3}},{"start":{"line":80,"column":2},"end":{"line":82,"column":3}}],"line":80},"13":{"loc":{"start":{"line":84,"column":25},"end":{"line":84,"column":62}},"type":"cond-expr","locations":[{"start":{"line":84,"column":43},"end":{"line":84,"column":45}},{"start":{"line":84,"column":48},"end":{"line":84,"column":62}}],"line":84},"14":{"loc":{"start":{"line":86,"column":2},"end":{"line":88,"column":3}},"type":"if","locations":[{"start":{"line":86,"column":2},"end":{"line":88,"column":3}},{"start":{"line":86,"column":2},"end":{"line":88,"column":3}}],"line":86},"15":{"loc":{"start":{"line":96,"column":21},"end":{"line":96,"column":50}},"type":"binary-expr","locations":[{"start":{"line":96,"column":21},"end":{"line":96,"column":45}},{"start":{"line":96,"column":49},"end":{"line":96,"column":50}}],"line":96},"16":{"loc":{"start":{"line":100,"column":2},"end":{"line":102,"column":3}},"type":"if","locations":[{"start":{"line":100,"column":2},"end":{"line":102,"column":3}},{"start":{"line":100,"column":2},"end":{"line":102,"column":3}}],"line":100},"17":{"loc":{"start":{"line":104,"column":2},"end":{"line":104,"column":115}},"type":"if","locations":[{"start":{"line":104,"column":2},"end":{"line":104,"column":115}},{"start":{"line":104,"column":2},"end":{"line":104,"column":115}}],"line":104},"18":{"loc":{"start":{"line":108,"column":2},"end":{"line":108,"column":130}},"type":"if","locations":[{"start":{"line":108,"column":2},"end":{"line":108,"column":130}},{"start":{"line":108,"column":2},"end":{"line":108,"column":130}}],"line":108},"19":{"loc":{"start":{"line":112,"column":2},"end":{"line":112,"column":30}},"type":"if","locations":[{"start":{"line":112,"column":2},"end":{"line":112,"column":30}},{"start":{"line":112,"column":2},"end":{"line":112,"column":30}}],"line":112},"20":{"loc":{"start":{"line":113,"column":2},"end":{"line":113,"column":36}},"type":"if","locations":[{"start":{"line":113,"column":2},"end":{"line":113,"column":36}},{"start":{"line":113,"column":2},"end":{"line":113,"column":36}}],"line":113},"21":{"loc":{"start":{"line":114,"column":2},"end":{"line":114,"column":141}},"type":"if","locations":[{"start":{"line":114,"column":2},"end":{"line":114,"column":141}},{"start":{"line":114,"column":2},"end":{"line":114,"column":141}}],"line":114},"22":{"loc":{"start":{"line":124,"column":2},"end":{"line":126,"column":3}},"type":"if","locations":[{"start":{"line":124,"column":2},"end":{"line":126,"column":3}},{"start":{"line":124,"column":2},"end":{"line":126,"column":3}}],"line":124}},"s":{"0":3,"1":3,"2":3,"3":3,"4":3,"5":18,"6":18,"7":18,"8":0,"9":18,"10":9,"11":9,"12":0,"13":9,"14":0,"15":0,"16":0,"17":0,"18":0,"19":0,"20":0,"21":9,"22":9,"23":9,"24":9,"25":9,"26":9,"27":0,"28":9,"29":9,"30":88,"31":9,"32":9,"33":9,"34":9,"35":0,"36":9,"37":9,"38":0,"39":9,"40":9,"41":9,"42":9,"43":9,"44":9,"45":0,"46":9,"47":0,"48":9,"49":9,"50":0,"51":9,"52":9,"53":9,"54":0,"55":9,"56":9,"57":9,"58":0,"59":9,"60":88,"61":9,"62":9,"63":9,"64":9,"65":0,"66":9,"67":3},"f":{"0":18,"1":9,"2":9,"3":9},"b":{"0":[18,0],"1":[0,18],"2":[9,0],"3":[0,9],"4":[0,0],"5":[0,0],"6":[0,0,0,0],"7":[0,0],"8":[9,1],"9":[9,9],"10":[0,9],"11":[9,0],"12":[0,9],"13":[9,0],"14":[0,9],"15":[9,1],"16":[0,9],"17":[0,9],"18":[0,9],"19":[0,9],"20":[9,0],"21":[0,9],"22":[0,9]},"_coverageSchema":"43e27e138ebf9cfc5966b082cf9a028302ed4184","hash":"3a7eb66fccfe39555f6084e26bdabe6b22510ea8","contentHash":"de8181b72caa0d8ff81d93fffe91e103057e4a68bb1cffba093a80a35a7b9395"},"/home/rohan/git/aion_web3/packages/web3-utils/src/utils.js":{"path":"/home/rohan/git/aion_web3/packages/web3-utils/src/utils.js","statementMap":{"0":{"start":{"line":25,"column":8},"end":{"line":25,"column":29}},"1":{"start":{"line":26,"column":9},"end":{"line":26,"column":25}},"2":{"start":{"line":27,"column":17},"end":{"line":27,"column":40}},"3":{"start":{"line":28,"column":11},"end":{"line":28,"column":26}},"4":{"start":{"line":29,"column":14},"end":{"line":29,"column":33}},"5":{"start":{"line":38,"column":11},"end":{"line":41,"column":1}},"6":{"start":{"line":39,"column":4},"end":{"line":40,"column":75}},"7":{"start":{"line":50,"column":18},"end":{"line":52,"column":1}},"8":{"start":{"line":51,"column":4},"end":{"line":51,"column":83}},"9":{"start":{"line":61,"column":11},"end":{"line":67,"column":1}},"10":{"start":{"line":62,"column":4},"end":{"line":66,"column":5}},"11":{"start":{"line":63,"column":8},"end":{"line":63,"column":49}},"12":{"start":{"line":65,"column":8},"end":{"line":65,"column":60}},"13":{"start":{"line":77,"column":23},"end":{"line":79,"column":1}},"14":{"start":{"line":78,"column":4},"end":{"line":78,"column":59}},"15":{"start":{"line":88,"column":16},"end":{"line":95,"column":1}},"16":{"start":{"line":89,"column":4},"end":{"line":89,"column":54}},"17":{"start":{"line":106,"column":27},"end":{"line":112,"column":1}},"18":{"start":{"line":107,"column":4},"end":{"line":107,"column":60}},"19":{"start":{"line":123,"column":14},"end":{"line":130,"column":1}},"20":{"start":{"line":124,"column":20},"end":{"line":124,"column":69}},"21":{"start":{"line":125,"column":4},"end":{"line":125,"column":52}},"22":{"start":{"line":127,"column":18},"end":{"line":127,"column":82}},"23":{"start":{"line":129,"column":4},"end":{"line":129,"column":89}},"24":{"start":{"line":141,"column":15},"end":{"line":148,"column":1}},"25":{"start":{"line":142,"column":20},"end":{"line":142,"column":69}},"26":{"start":{"line":143,"column":4},"end":{"line":143,"column":52}},"27":{"start":{"line":145,"column":18},"end":{"line":145,"column":82}},"28":{"start":{"line":147,"column":4},"end":{"line":147,"column":91}},"29":{"start":{"line":158,"column":16},"end":{"line":177,"column":1}},"30":{"start":{"line":159,"column":4},"end":{"line":159,"column":27}},"31":{"start":{"line":160,"column":14},"end":{"line":160,"column":16}},"32":{"start":{"line":163,"column":4},"end":{"line":163,"column":41}},"33":{"start":{"line":164,"column":4},"end":{"line":164,"column":43}},"34":{"start":{"line":165,"column":4},"end":{"line":165,"column":41}},"35":{"start":{"line":166,"column":4},"end":{"line":166,"column":43}},"36":{"start":{"line":168,"column":4},"end":{"line":174,"column":5}},"37":{"start":{"line":168,"column":16},"end":{"line":168,"column":17}},"38":{"start":{"line":169,"column":19},"end":{"line":169,"column":36}},"39":{"start":{"line":171,"column":16},"end":{"line":171,"column":33}},"40":{"start":{"line":172,"column":8},"end":{"line":172,"column":42}},"41":{"start":{"line":176,"column":4},"end":{"line":176,"column":22}},"42":{"start":{"line":186,"column":16},"end":{"line":210,"column":1}},"43":{"start":{"line":187,"column":4},"end":{"line":188,"column":81}},"44":{"start":{"line":188,"column":8},"end":{"line":188,"column":81}},"45":{"start":{"line":190,"column":14},"end":{"line":190,"column":16}},"46":{"start":{"line":191,"column":15},"end":{"line":191,"column":16}},"47":{"start":{"line":192,"column":4},"end":{"line":192,"column":33}},"48":{"start":{"line":195,"column":4},"end":{"line":195,"column":37}},"49":{"start":{"line":196,"column":4},"end":{"line":196,"column":43}},"50":{"start":{"line":197,"column":4},"end":{"line":197,"column":37}},"51":{"start":{"line":198,"column":4},"end":{"line":198,"column":43}},"52":{"start":{"line":200,"column":12},"end":{"line":200,"column":22}},"53":{"start":{"line":202,"column":4},"end":{"line":207,"column":5}},"54":{"start":{"line":202,"column":15},"end":{"line":202,"column":16}},"55":{"start":{"line":203,"column":8},"end":{"line":203,"column":46}},"56":{"start":{"line":205,"column":8},"end":{"line":205,"column":41}},"57":{"start":{"line":209,"column":4},"end":{"line":209,"column":28}},"58":{"start":{"line":220,"column":18},"end":{"line":226,"column":1}},"59":{"start":{"line":221,"column":4},"end":{"line":223,"column":5}},"60":{"start":{"line":222,"column":8},"end":{"line":222,"column":21}},"61":{"start":{"line":225,"column":4},"end":{"line":225,"column":34}},"62":{"start":{"line":235,"column":24},"end":{"line":239,"column":1}},"63":{"start":{"line":236,"column":4},"end":{"line":236,"column":29}},"64":{"start":{"line":236,"column":16},"end":{"line":236,"column":29}},"65":{"start":{"line":238,"column":4},"end":{"line":238,"column":36}},"66":{"start":{"line":249,"column":18},"end":{"line":262,"column":1}},"67":{"start":{"line":250,"column":4},"end":{"line":252,"column":5}},"68":{"start":{"line":251,"column":8},"end":{"line":251,"column":21}},"69":{"start":{"line":254,"column":4},"end":{"line":256,"column":5}},"70":{"start":{"line":255,"column":8},"end":{"line":255,"column":68}},"71":{"start":{"line":258,"column":17},"end":{"line":258,"column":28}},"72":{"start":{"line":259,"column":17},"end":{"line":259,"column":36}},"73":{"start":{"line":261,"column":4},"end":{"line":261,"column":75}},"74":{"start":{"line":274,"column":17},"end":{"line":282,"column":1}},"75":{"start":{"line":275,"column":4},"end":{"line":280,"column":5}},"76":{"start":{"line":275,"column":19},"end":{"line":275,"column":21}},"77":{"start":{"line":275,"column":27},"end":{"line":275,"column":28}},"78":{"start":{"line":277,"column":8},"end":{"line":277,"column":48}},"79":{"start":{"line":278,"column":8},"end":{"line":278,"column":48}},"80":{"start":{"line":281,"column":4},"end":{"line":281,"column":30}},"81":{"start":{"line":293,"column":17},"end":{"line":305,"column":1}},"82":{"start":{"line":294,"column":4},"end":{"line":294,"column":27}},"83":{"start":{"line":296,"column":4},"end":{"line":298,"column":5}},"84":{"start":{"line":297,"column":8},"end":{"line":297,"column":78}},"85":{"start":{"line":300,"column":4},"end":{"line":300,"column":33}},"86":{"start":{"line":302,"column":4},"end":{"line":303,"column":51}},"87":{"start":{"line":302,"column":21},"end":{"line":302,"column":23}},"88":{"start":{"line":302,"column":29},"end":{"line":302,"column":30}},"89":{"start":{"line":303,"column":8},"end":{"line":303,"column":51}},"90":{"start":{"line":304,"column":4},"end":{"line":304,"column":17}},"91":{"start":{"line":317,"column":12},"end":{"line":345,"column":1}},"92":{"start":{"line":320,"column":4},"end":{"line":322,"column":5}},"93":{"start":{"line":321,"column":8},"end":{"line":321,"column":85}},"94":{"start":{"line":324,"column":4},"end":{"line":326,"column":5}},"95":{"start":{"line":325,"column":8},"end":{"line":325,"column":61}},"96":{"start":{"line":329,"column":4},"end":{"line":331,"column":5}},"97":{"start":{"line":330,"column":8},"end":{"line":330,"column":72}},"98":{"start":{"line":334,"column":4},"end":{"line":342,"column":5}},"99":{"start":{"line":335,"column":8},"end":{"line":341,"column":9}},"100":{"start":{"line":336,"column":12},"end":{"line":336,"column":62}},"101":{"start":{"line":337,"column":15},"end":{"line":341,"column":9}},"102":{"start":{"line":338,"column":12},"end":{"line":338,"column":48}},"103":{"start":{"line":339,"column":15},"end":{"line":341,"column":9}},"104":{"start":{"line":340,"column":12},"end":{"line":340,"column":60}},"105":{"start":{"line":344,"column":4},"end":{"line":344,"column":80}},"106":{"start":{"line":355,"column":18},"end":{"line":357,"column":1}},"107":{"start":{"line":356,"column":4},"end":{"line":356,"column":84}},"108":{"start":{"line":366,"column":12},"end":{"line":368,"column":1}},"109":{"start":{"line":367,"column":4},"end":{"line":367,"column":87}},"110":{"start":{"line":380,"column":14},"end":{"line":387,"column":1}},"111":{"start":{"line":381,"column":4},"end":{"line":385,"column":5}},"112":{"start":{"line":382,"column":8},"end":{"line":382,"column":21}},"113":{"start":{"line":383,"column":11},"end":{"line":385,"column":5}},"114":{"start":{"line":384,"column":8},"end":{"line":384,"column":20}},"115":{"start":{"line":386,"column":4},"end":{"line":386,"column":17}},"116":{"start":{"line":398,"column":14},"end":{"line":405,"column":1}},"117":{"start":{"line":399,"column":4},"end":{"line":403,"column":5}},"118":{"start":{"line":400,"column":8},"end":{"line":400,"column":21}},"119":{"start":{"line":401,"column":11},"end":{"line":403,"column":5}},"120":{"start":{"line":402,"column":8},"end":{"line":402,"column":20}},"121":{"start":{"line":404,"column":4},"end":{"line":404,"column":17}},"122":{"start":{"line":416,"column":18},"end":{"line":416,"column":86}},"123":{"start":{"line":418,"column":11},"end":{"line":430,"column":1}},"124":{"start":{"line":419,"column":4},"end":{"line":421,"column":5}},"125":{"start":{"line":420,"column":8},"end":{"line":420,"column":34}},"126":{"start":{"line":423,"column":22},"end":{"line":423,"column":83}},"127":{"start":{"line":425,"column":4},"end":{"line":429,"column":5}},"128":{"start":{"line":426,"column":8},"end":{"line":426,"column":20}},"129":{"start":{"line":428,"column":8},"end":{"line":428,"column":27}},"130":{"start":{"line":440,"column":17},"end":{"line":446,"column":1}},"131":{"start":{"line":441,"column":4},"end":{"line":443,"column":5}},"132":{"start":{"line":442,"column":8},"end":{"line":442,"column":34}},"133":{"start":{"line":444,"column":14},"end":{"line":444,"column":46}},"134":{"start":{"line":445,"column":4},"end":{"line":445,"column":61}},"135":{"start":{"line":448,"column":0},"end":{"line":472,"column":2}}},"fnMap":{"0":{"name":"(anonymous_0)","decl":{"start":{"line":38,"column":11},"end":{"line":38,"column":12}},"loc":{"start":{"line":38,"column":29},"end":{"line":41,"column":1}},"line":38},"1":{"name":"(anonymous_1)","decl":{"start":{"line":50,"column":18},"end":{"line":50,"column":19}},"loc":{"start":{"line":50,"column":36},"end":{"line":52,"column":1}},"line":50},"2":{"name":"(anonymous_2)","decl":{"start":{"line":61,"column":11},"end":{"line":61,"column":12}},"loc":{"start":{"line":61,"column":27},"end":{"line":67,"column":1}},"line":61},"3":{"name":"(anonymous_3)","decl":{"start":{"line":77,"column":23},"end":{"line":77,"column":24}},"loc":{"start":{"line":77,"column":41},"end":{"line":79,"column":1}},"line":77},"4":{"name":"(anonymous_4)","decl":{"start":{"line":88,"column":16},"end":{"line":88,"column":17}},"loc":{"start":{"line":88,"column":35},"end":{"line":95,"column":1}},"line":88},"5":{"name":"(anonymous_5)","decl":{"start":{"line":106,"column":27},"end":{"line":106,"column":28}},"loc":{"start":{"line":106,"column":46},"end":{"line":112,"column":1}},"line":106},"6":{"name":"(anonymous_6)","decl":{"start":{"line":123,"column":14},"end":{"line":123,"column":15}},"loc":{"start":{"line":123,"column":45},"end":{"line":130,"column":1}},"line":123},"7":{"name":"(anonymous_7)","decl":{"start":{"line":141,"column":15},"end":{"line":141,"column":16}},"loc":{"start":{"line":141,"column":46},"end":{"line":148,"column":1}},"line":141},"8":{"name":"(anonymous_8)","decl":{"start":{"line":158,"column":16},"end":{"line":158,"column":17}},"loc":{"start":{"line":158,"column":30},"end":{"line":177,"column":1}},"line":158},"9":{"name":"(anonymous_9)","decl":{"start":{"line":186,"column":16},"end":{"line":186,"column":17}},"loc":{"start":{"line":186,"column":30},"end":{"line":210,"column":1}},"line":186},"10":{"name":"(anonymous_10)","decl":{"start":{"line":220,"column":18},"end":{"line":220,"column":19}},"loc":{"start":{"line":220,"column":35},"end":{"line":226,"column":1}},"line":220},"11":{"name":"(anonymous_11)","decl":{"start":{"line":235,"column":24},"end":{"line":235,"column":25}},"loc":{"start":{"line":235,"column":41},"end":{"line":239,"column":1}},"line":235},"12":{"name":"(anonymous_12)","decl":{"start":{"line":249,"column":18},"end":{"line":249,"column":19}},"loc":{"start":{"line":249,"column":35},"end":{"line":262,"column":1}},"line":249},"13":{"name":"(anonymous_13)","decl":{"start":{"line":274,"column":17},"end":{"line":274,"column":18}},"loc":{"start":{"line":274,"column":33},"end":{"line":282,"column":1}},"line":274},"14":{"name":"(anonymous_14)","decl":{"start":{"line":293,"column":17},"end":{"line":293,"column":18}},"loc":{"start":{"line":293,"column":31},"end":{"line":305,"column":1}},"line":293},"15":{"name":"(anonymous_15)","decl":{"start":{"line":317,"column":12},"end":{"line":317,"column":13}},"loc":{"start":{"line":317,"column":41},"end":{"line":345,"column":1}},"line":317},"16":{"name":"(anonymous_16)","decl":{"start":{"line":355,"column":18},"end":{"line":355,"column":19}},"loc":{"start":{"line":355,"column":33},"end":{"line":357,"column":1}},"line":355},"17":{"name":"(anonymous_17)","decl":{"start":{"line":366,"column":12},"end":{"line":366,"column":13}},"loc":{"start":{"line":366,"column":27},"end":{"line":368,"column":1}},"line":366},"18":{"name":"(anonymous_18)","decl":{"start":{"line":380,"column":14},"end":{"line":380,"column":15}},"loc":{"start":{"line":380,"column":31},"end":{"line":387,"column":1}},"line":380},"19":{"name":"(anonymous_19)","decl":{"start":{"line":398,"column":14},"end":{"line":398,"column":15}},"loc":{"start":{"line":398,"column":31},"end":{"line":405,"column":1}},"line":398},"20":{"name":"(anonymous_20)","decl":{"start":{"line":418,"column":11},"end":{"line":418,"column":12}},"loc":{"start":{"line":418,"column":28},"end":{"line":430,"column":1}},"line":418},"21":{"name":"(anonymous_21)","decl":{"start":{"line":440,"column":17},"end":{"line":440,"column":18}},"loc":{"start":{"line":440,"column":34},"end":{"line":446,"column":1}},"line":440}},"branchMap":{"0":{"loc":{"start":{"line":39,"column":11},"end":{"line":40,"column":74}},"type":"binary-expr","locations":[{"start":{"line":39,"column":11},"end":{"line":39,"column":31}},{"start":{"line":40,"column":9},"end":{"line":40,"column":15}},{"start":{"line":40,"column":19},"end":{"line":40,"column":37}},{"start":{"line":40,"column":41},"end":{"line":40,"column":73}}],"line":39},"1":{"loc":{"start":{"line":51,"column":11},"end":{"line":51,"column":82}},"type":"binary-expr","locations":[{"start":{"line":51,"column":11},"end":{"line":51,"column":17}},{"start":{"line":51,"column":21},"end":{"line":51,"column":39}},{"start":{"line":51,"column":43},"end":{"line":51,"column":82}}],"line":51},"2":{"loc":{"start":{"line":124,"column":20},"end":{"line":124,"column":69}},"type":"binary-expr","locations":[{"start":{"line":124,"column":20},"end":{"line":124,"column":39}},{"start":{"line":124,"column":43},"end":{"line":124,"column":69}}],"line":124},"3":{"loc":{"start":{"line":127,"column":18},"end":{"line":127,"column":82}},"type":"cond-expr","locations":[{"start":{"line":127,"column":53},"end":{"line":127,"column":78}},{"start":{"line":127,"column":81},"end":{"line":127,"column":82}}],"line":127},"4":{"loc":{"start":{"line":129,"column":12},"end":{"line":129,"column":33}},"type":"cond-expr","locations":[{"start":{"line":129,"column":24},"end":{"line":129,"column":28}},{"start":{"line":129,"column":31},"end":{"line":129,"column":33}}],"line":129},"5":{"loc":{"start":{"line":129,"column":61},"end":{"line":129,"column":78}},"type":"cond-expr","locations":[{"start":{"line":129,"column":68},"end":{"line":129,"column":72}},{"start":{"line":129,"column":75},"end":{"line":129,"column":78}}],"line":129},"6":{"loc":{"start":{"line":142,"column":20},"end":{"line":142,"column":69}},"type":"binary-expr","locations":[{"start":{"line":142,"column":20},"end":{"line":142,"column":39}},{"start":{"line":142,"column":43},"end":{"line":142,"column":69}}],"line":142},"7":{"loc":{"start":{"line":145,"column":18},"end":{"line":145,"column":82}},"type":"cond-expr","locations":[{"start":{"line":145,"column":53},"end":{"line":145,"column":78}},{"start":{"line":145,"column":81},"end":{"line":145,"column":82}}],"line":145},"8":{"loc":{"start":{"line":147,"column":12},"end":{"line":147,"column":33}},"type":"cond-expr","locations":[{"start":{"line":147,"column":24},"end":{"line":147,"column":28}},{"start":{"line":147,"column":31},"end":{"line":147,"column":33}}],"line":147},"9":{"loc":{"start":{"line":147,"column":71},"end":{"line":147,"column":88}},"type":"cond-expr","locations":[{"start":{"line":147,"column":78},"end":{"line":147,"column":82}},{"start":{"line":147,"column":85},"end":{"line":147,"column":88}}],"line":147},"10":{"loc":{"start":{"line":172,"column":15},"end":{"line":172,"column":41}},"type":"cond-expr","locations":[{"start":{"line":172,"column":30},"end":{"line":172,"column":37}},{"start":{"line":172,"column":40},"end":{"line":172,"column":41}}],"line":172},"11":{"loc":{"start":{"line":187,"column":4},"end":{"line":188,"column":81}},"type":"if","locations":[{"start":{"line":187,"column":4},"end":{"line":188,"column":81}},{"start":{"line":187,"column":4},"end":{"line":188,"column":81}}],"line":187},"12":{"loc":{"start":{"line":221,"column":4},"end":{"line":223,"column":5}},"type":"if","locations":[{"start":{"line":221,"column":4},"end":{"line":223,"column":5}},{"start":{"line":221,"column":4},"end":{"line":223,"column":5}}],"line":221},"13":{"loc":{"start":{"line":236,"column":4},"end":{"line":236,"column":29}},"type":"if","locations":[{"start":{"line":236,"column":4},"end":{"line":236,"column":29}},{"start":{"line":236,"column":4},"end":{"line":236,"column":29}}],"line":236},"14":{"loc":{"start":{"line":250,"column":4},"end":{"line":252,"column":5}},"type":"if","locations":[{"start":{"line":250,"column":4},"end":{"line":252,"column":5}},{"start":{"line":250,"column":4},"end":{"line":252,"column":5}}],"line":250},"15":{"loc":{"start":{"line":250,"column":8},"end":{"line":250,"column":47}},"type":"binary-expr","locations":[{"start":{"line":250,"column":8},"end":{"line":250,"column":23}},{"start":{"line":250,"column":27},"end":{"line":250,"column":47}}],"line":250},"16":{"loc":{"start":{"line":254,"column":4},"end":{"line":256,"column":5}},"type":"if","locations":[{"start":{"line":254,"column":4},"end":{"line":256,"column":5}},{"start":{"line":254,"column":4},"end":{"line":256,"column":5}}],"line":254},"17":{"loc":{"start":{"line":254,"column":8},"end":{"line":254,"column":47}},"type":"binary-expr","locations":[{"start":{"line":254,"column":8},"end":{"line":254,"column":24}},{"start":{"line":254,"column":28},"end":{"line":254,"column":47}}],"line":254},"18":{"loc":{"start":{"line":261,"column":11},"end":{"line":261,"column":74}},"type":"cond-expr","locations":[{"start":{"line":261,"column":34},"end":{"line":261,"column":58}},{"start":{"line":261,"column":61},"end":{"line":261,"column":74}}],"line":261},"19":{"loc":{"start":{"line":296,"column":4},"end":{"line":298,"column":5}},"type":"if","locations":[{"start":{"line":296,"column":4},"end":{"line":298,"column":5}},{"start":{"line":296,"column":4},"end":{"line":298,"column":5}}],"line":296},"20":{"loc":{"start":{"line":320,"column":4},"end":{"line":322,"column":5}},"type":"if","locations":[{"start":{"line":320,"column":4},"end":{"line":322,"column":5}},{"start":{"line":320,"column":4},"end":{"line":322,"column":5}}],"line":320},"21":{"loc":{"start":{"line":321,"column":15},"end":{"line":321,"column":84}},"type":"cond-expr","locations":[{"start":{"line":321,"column":28},"end":{"line":321,"column":37}},{"start":{"line":321,"column":40},"end":{"line":321,"column":84}}],"line":321},"22":{"loc":{"start":{"line":324,"column":4},"end":{"line":326,"column":5}},"type":"if","locations":[{"start":{"line":324,"column":4},"end":{"line":326,"column":5}},{"start":{"line":324,"column":4},"end":{"line":326,"column":5}}],"line":324},"23":{"loc":{"start":{"line":325,"column":15},"end":{"line":325,"column":60}},"type":"cond-expr","locations":[{"start":{"line":325,"column":28},"end":{"line":325,"column":34}},{"start":{"line":325,"column":37},"end":{"line":325,"column":60}}],"line":325},"24":{"loc":{"start":{"line":325,"column":37},"end":{"line":325,"column":60}},"type":"cond-expr","locations":[{"start":{"line":325,"column":45},"end":{"line":325,"column":51}},{"start":{"line":325,"column":54},"end":{"line":325,"column":60}}],"line":325},"25":{"loc":{"start":{"line":329,"column":4},"end":{"line":331,"column":5}},"type":"if","locations":[{"start":{"line":329,"column":4},"end":{"line":331,"column":5}},{"start":{"line":329,"column":4},"end":{"line":331,"column":5}}],"line":329},"26":{"loc":{"start":{"line":329,"column":8},"end":{"line":329,"column":64}},"type":"binary-expr","locations":[{"start":{"line":329,"column":8},"end":{"line":329,"column":25}},{"start":{"line":329,"column":29},"end":{"line":329,"column":48}},{"start":{"line":329,"column":52},"end":{"line":329,"column":64}}],"line":329},"27":{"loc":{"start":{"line":330,"column":15},"end":{"line":330,"column":71}},"type":"cond-expr","locations":[{"start":{"line":330,"column":28},"end":{"line":330,"column":36}},{"start":{"line":330,"column":39},"end":{"line":330,"column":71}}],"line":330},"28":{"loc":{"start":{"line":334,"column":4},"end":{"line":342,"column":5}},"type":"if","locations":[{"start":{"line":334,"column":4},"end":{"line":342,"column":5}},{"start":{"line":334,"column":4},"end":{"line":342,"column":5}}],"line":334},"29":{"loc":{"start":{"line":335,"column":8},"end":{"line":341,"column":9}},"type":"if","locations":[{"start":{"line":335,"column":8},"end":{"line":341,"column":9}},{"start":{"line":335,"column":8},"end":{"line":341,"column":9}}],"line":335},"30":{"loc":{"start":{"line":335,"column":12},"end":{"line":335,"column":68}},"type":"binary-expr","locations":[{"start":{"line":335,"column":12},"end":{"line":335,"column":38}},{"start":{"line":335,"column":42},"end":{"line":335,"column":68}}],"line":335},"31":{"loc":{"start":{"line":336,"column":19},"end":{"line":336,"column":61}},"type":"cond-expr","locations":[{"start":{"line":336,"column":32},"end":{"line":336,"column":40}},{"start":{"line":336,"column":43},"end":{"line":336,"column":61}}],"line":336},"32":{"loc":{"start":{"line":337,"column":15},"end":{"line":341,"column":9}},"type":"if","locations":[{"start":{"line":337,"column":15},"end":{"line":341,"column":9}},{"start":{"line":337,"column":15},"end":{"line":341,"column":9}}],"line":337},"33":{"loc":{"start":{"line":337,"column":18},"end":{"line":337,"column":72}},"type":"binary-expr","locations":[{"start":{"line":337,"column":18},"end":{"line":337,"column":43}},{"start":{"line":337,"column":47},"end":{"line":337,"column":72}}],"line":337},"34":{"loc":{"start":{"line":338,"column":19},"end":{"line":338,"column":47}},"type":"cond-expr","locations":[{"start":{"line":338,"column":32},"end":{"line":338,"column":39}},{"start":{"line":338,"column":42},"end":{"line":338,"column":47}}],"line":338},"35":{"loc":{"start":{"line":339,"column":15},"end":{"line":341,"column":9}},"type":"if","locations":[{"start":{"line":339,"column":15},"end":{"line":341,"column":9}},{"start":{"line":339,"column":15},"end":{"line":341,"column":9}}],"line":339},"36":{"loc":{"start":{"line":340,"column":19},"end":{"line":340,"column":59}},"type":"cond-expr","locations":[{"start":{"line":340,"column":32},"end":{"line":340,"column":40}},{"start":{"line":340,"column":43},"end":{"line":340,"column":59}}],"line":340},"37":{"loc":{"start":{"line":344,"column":11},"end":{"line":344,"column":79}},"type":"cond-expr","locations":[{"start":{"line":344,"column":25},"end":{"line":344,"column":57}},{"start":{"line":344,"column":61},"end":{"line":344,"column":79}}],"line":344},"38":{"loc":{"start":{"line":344,"column":25},"end":{"line":344,"column":57}},"type":"cond-expr","locations":[{"start":{"line":344,"column":37},"end":{"line":344,"column":45}},{"start":{"line":344,"column":48},"end":{"line":344,"column":57}}],"line":344},"39":{"loc":{"start":{"line":356,"column":12},"end":{"line":356,"column":82}},"type":"binary-expr","locations":[{"start":{"line":356,"column":13},"end":{"line":356,"column":28}},{"start":{"line":356,"column":32},"end":{"line":356,"column":47}},{"start":{"line":356,"column":52},"end":{"line":356,"column":82}}],"line":356},"40":{"loc":{"start":{"line":367,"column":12},"end":{"line":367,"column":85}},"type":"binary-expr","locations":[{"start":{"line":367,"column":13},"end":{"line":367,"column":28}},{"start":{"line":367,"column":32},"end":{"line":367,"column":47}},{"start":{"line":367,"column":52},"end":{"line":367,"column":85}}],"line":367},"41":{"loc":{"start":{"line":381,"column":4},"end":{"line":385,"column":5}},"type":"if","locations":[{"start":{"line":381,"column":4},"end":{"line":385,"column":5}},{"start":{"line":381,"column":4},"end":{"line":385,"column":5}}],"line":381},"42":{"loc":{"start":{"line":383,"column":11},"end":{"line":385,"column":5}},"type":"if","locations":[{"start":{"line":383,"column":11},"end":{"line":385,"column":5}},{"start":{"line":383,"column":11},"end":{"line":385,"column":5}}],"line":383},"43":{"loc":{"start":{"line":383,"column":15},"end":{"line":383,"column":87}},"type":"binary-expr","locations":[{"start":{"line":383,"column":15},"end":{"line":383,"column":49}},{"start":{"line":383,"column":53},"end":{"line":383,"column":87}}],"line":383},"44":{"loc":{"start":{"line":399,"column":4},"end":{"line":403,"column":5}},"type":"if","locations":[{"start":{"line":399,"column":4},"end":{"line":403,"column":5}},{"start":{"line":399,"column":4},"end":{"line":403,"column":5}}],"line":399},"45":{"loc":{"start":{"line":401,"column":11},"end":{"line":403,"column":5}},"type":"if","locations":[{"start":{"line":401,"column":11},"end":{"line":403,"column":5}},{"start":{"line":401,"column":11},"end":{"line":403,"column":5}}],"line":401},"46":{"loc":{"start":{"line":401,"column":15},"end":{"line":401,"column":85}},"type":"binary-expr","locations":[{"start":{"line":401,"column":15},"end":{"line":401,"column":48}},{"start":{"line":401,"column":52},"end":{"line":401,"column":85}}],"line":401},"47":{"loc":{"start":{"line":419,"column":4},"end":{"line":421,"column":5}},"type":"if","locations":[{"start":{"line":419,"column":4},"end":{"line":421,"column":5}},{"start":{"line":419,"column":4},"end":{"line":421,"column":5}}],"line":419},"48":{"loc":{"start":{"line":419,"column":8},"end":{"line":419,"column":61}},"type":"binary-expr","locations":[{"start":{"line":419,"column":8},"end":{"line":419,"column":26}},{"start":{"line":419,"column":30},"end":{"line":419,"column":61}}],"line":419},"49":{"loc":{"start":{"line":425,"column":4},"end":{"line":429,"column":5}},"type":"if","locations":[{"start":{"line":425,"column":4},"end":{"line":429,"column":5}},{"start":{"line":425,"column":4},"end":{"line":429,"column":5}}],"line":425},"50":{"loc":{"start":{"line":441,"column":4},"end":{"line":443,"column":5}},"type":"if","locations":[{"start":{"line":441,"column":4},"end":{"line":443,"column":5}},{"start":{"line":441,"column":4},"end":{"line":443,"column":5}}],"line":441},"51":{"loc":{"start":{"line":441,"column":8},"end":{"line":441,"column":61}},"type":"binary-expr","locations":[{"start":{"line":441,"column":8},"end":{"line":441,"column":26}},{"start":{"line":441,"column":30},"end":{"line":441,"column":61}}],"line":441}},"s":{"0":3,"1":3,"2":3,"3":3,"4":3,"5":3,"6":769,"7":3,"8":50,"9":3,"10":757,"11":757,"12":0,"13":3,"14":17,"15":3,"16":742,"17":3,"18":23,"19":3,"20":64,"21":64,"22":64,"23":64,"24":3,"25":17,"26":17,"27":17,"28":17,"29":3,"30":44,"31":44,"32":44,"33":44,"34":44,"35":44,"36":44,"37":44,"38":1104,"39":1104,"40":1104,"41":44,"42":3,"43":7,"44":0,"45":7,"46":7,"47":7,"48":7,"49":7,"50":7,"51":7,"52":7,"53":7,"54":7,"55":97,"56":97,"57":7,"58":3,"59":1075,"60":747,"61":328,"62":3,"63":8,"64":0,"65":8,"66":3,"67":311,"68":0,"69":311,"70":0,"71":311,"72":311,"73":311,"74":3,"75":0,"76":0,"77":0,"78":0,"79":0,"80":0,"81":3,"82":100,"83":100,"84":0,"85":100,"86":100,"87":100,"88":100,"89":2274,"90":100,"91":3,"92":85,"93":10,"94":75,"95":12,"96":63,"97":2,"98":61,"99":35,"100":5,"101":30,"102":7,"103":23,"104":11,"105":38,"106":3,"107":2156,"108":3,"109":98,"110":3,"111":5,"112":0,"113":5,"114":5,"115":0,"116":3,"117":3,"118":0,"119":3,"120":3,"121":0,"122":3,"123":3,"124":1764,"125":0,"126":1764,"127":1764,"128":0,"129":1764,"130":3,"131":124,"132":84,"133":124,"134":124,"135":3},"f":{"0":769,"1":50,"2":757,"3":17,"4":742,"5":23,"6":64,"7":17,"8":44,"9":7,"10":1075,"11":8,"12":311,"13":0,"14":100,"15":85,"16":2156,"17":98,"18":5,"19":3,"20":1764,"21":124},"b":{"0":[769,744,730,730],"1":[50,50,50],"2":[64,57],"3":[63,1],"4":[7,57],"5":[0,64],"6":[17,7],"7":[17,0],"8":[10,7],"9":[0,17],"10":[32,1072],"11":[0,7],"12":[747,328],"13":[0,8],"14":[0,311],"15":[311,311],"16":[0,311],"17":[311,12],"18":[21,290],"19":[0,100],"20":[10,75],"21":[5,5],"22":[12,63],"23":[5,7],"24":[4,3],"25":[2,61],"26":[63,20,13],"27":[0,2],"28":[35,26],"29":[5,30],"30":[35,30],"31":[0,5],"32":[7,23],"33":[30,23],"34":[1,6],"35":[11,12],"36":[2,9],"37":[13,25],"38":[4,9],"39":[2156,92,2116],"40":[98,0,98],"41":[0,5],"42":[5,0],"43":[5,0],"44":[0,3],"45":[3,0],"46":[3,0],"47":[0,1764],"48":[1764,0],"49":[0,1764],"50":[84,40],"51":[124,84]},"_coverageSchema":"43e27e138ebf9cfc5966b082cf9a028302ed4184","hash":"446b3d6b084a27316d33c2b8be5eb8238c49666b","contentHash":"30108f911e60bdae28f6d42d4cabf8bf0bae59ab6bb56af953b8fa56b61a4a44"},"/home/rohan/git/aion_web3/packages/aion-lib/src/index.js":{"path":"/home/rohan/git/aion_web3/packages/aion-lib/src/index.js","statementMap":{"0":{"start":{"line":1,"column":0},"end":{"line":9,"column":1}}},"fnMap":{},"branchMap":{},"s":{"0":3},"f":{},"b":{},"_coverageSchema":"43e27e138ebf9cfc5966b082cf9a028302ed4184","hash":"675ade630ae3ebcf541c6f5997fa17ccecbfb4d9","contentHash":"e2d4b7b807d1f10bb962972c61bc2f6b6e455e237f41b1238cfaea2b5ed589dc"},"/home/rohan/git/aion_web3/packages/aion-lib/src/abi.js":{"path":"/home/rohan/git/aion_web3/packages/aion-lib/src/abi.js","statementMap":{"0":{"start":{"line":6,"column":15},"end":{"line":6,"column":41}},"1":{"start":{"line":7,"column":13},"end":{"line":7,"column":37}},"2":{"start":{"line":8,"column":46},"end":{"line":8,"column":67}},"3":{"start":{"line":9,"column":9},"end":{"line":9,"column":25}},"4":{"start":{"line":17,"column":4},"end":{"line":17,"column":24}},"5":{"start":{"line":19,"column":18},"end":{"line":19,"column":37}},"6":{"start":{"line":20,"column":15},"end":{"line":20,"column":36}},"7":{"start":{"line":21,"column":13},"end":{"line":21,"column":32}},"8":{"start":{"line":22,"column":30},"end":{"line":22,"column":51}},"9":{"start":{"line":33,"column":2},"end":{"line":35,"column":3}},"10":{"start":{"line":34,"column":4},"end":{"line":34,"column":24}},"11":{"start":{"line":37,"column":2},"end":{"line":43,"column":3}},"12":{"start":{"line":38,"column":4},"end":{"line":38,"column":29}},"13":{"start":{"line":40,"column":4},"end":{"line":42,"column":5}},"14":{"start":{"line":41,"column":6},"end":{"line":41,"column":67}},"15":{"start":{"line":41,"column":41},"end":{"line":41,"column":50}},"16":{"start":{"line":45,"column":2},"e
[...]
":399,"column":5}}],"line":397},"47":{"loc":{"start":{"line":410,"column":30},"end":{"line":410,"column":66}},"type":"binary-expr","locations":[{"start":{"line":410,"column":30},"end":{"line":410,"column":42}},{"start":{"line":410,"column":46},"end":{"line":410,"column":66}}],"line":410},"48":{"loc":{"start":{"line":417,"column":20},"end":{"line":417,"column":51}},"type":"binary-expr","locations":[{"start":{"line":417,"column":20},"end":{"line":417,"column":34}},{"start":{"line":417,"column":38},"end":{"line":417,"column":51}}],"line":417},"49":{"loc":{"start":{"line":436,"column":14},"end":{"line":436,"column":26}},"type":"binary-expr","locations":[{"start":{"line":436,"column":14},"end":{"line":436,"column":21}},{"start":{"line":436,"column":25},"end":{"line":436,"column":26}}],"line":436},"50":{"loc":{"start":{"line":437,"column":4},"end":{"line":441,"column":5}},"type":"if","locations":[{"start":{"line":437,"column":4},"end":{"line":441,"column":5}},{"start":{"line":437,"column":4},"end":{"line":441,"column":5}}],"line":437},"51":{"loc":{"start":{"line":462,"column":4},"end":{"line":464,"column":5}},"type":"if","locations":[{"start":{"line":462,"column":4},"end":{"line":464,"column":5}},{"start":{"line":462,"column":4},"end":{"line":464,"column":5}}],"line":462},"52":{"loc":{"start":{"line":465,"column":4},"end":{"line":478,"column":5}},"type":"if","locations":[{"start":{"line":465,"column":4},"end":{"line":478,"column":5}},{"start":{"line":465,"column":4},"end":{"line":478,"column":5}}],"line":465},"53":{"loc":{"start":{"line":487,"column":4},"end":{"line":509,"column":5}},"type":"if","locations":[{"start":{"line":487,"column":4},"end":{"line":509,"column":5}},{"start":{"line":487,"column":4},"end":{"line":509,"column":5}}],"line":487},"54":{"loc":{"start":{"line":487,"column":8},"end":{"line":487,"column":34}},"type":"binary-expr","locations":[{"start":{"line":487,"column":8},"end":{"line":487,"column":15}},{"start":{"line":487,"column":19},"end":{"line":487,"column":34}}],"line":487},"55":{"loc":{"start":{"line":492,"column":8},"end":{"line":494,"column":9}},"type":"if","locations":[{"start":{"line":492,"column":8},"end":{"line":494,"column":9}},{"start":{"line":492,"column":8},"end":{"line":494,"column":9}}],"line":492},"56":{"loc":{"start":{"line":496,"column":8},"end":{"line":498,"column":9}},"type":"if","locations":[{"start":{"line":496,"column":8},"end":{"line":498,"column":9}},{"start":{"line":496,"column":8},"end":{"line":498,"column":9}}],"line":496},"57":{"loc":{"start":{"line":500,"column":8},"end":{"line":502,"column":9}},"type":"if","locations":[{"start":{"line":500,"column":8},"end":{"line":502,"column":9}},{"start":{"line":500,"column":8},"end":{"line":502,"column":9}}],"line":500},"58":{"loc":{"start":{"line":500,"column":12},"end":{"line":500,"column":60}},"type":"binary-expr","locations":[{"start":{"line":500,"column":12},"end":{"line":500,"column":31}},{"start":{"line":500,"column":35},"end":{"line":500,"column":60}}],"line":500},"59":{"loc":{"start":{"line":541,"column":8},"end":{"line":545,"column":9}},"type":"if","locations":[{"start":{"line":541,"column":8},"end":{"line":545,"column":9}},{"start":{"line":541,"column":8},"end":{"line":545,"column":9}}],"line":541},"60":{"loc":{"start":{"line":552,"column":25},"end":{"line":552,"column":55}},"type":"binary-expr","locations":[{"start":{"line":552,"column":25},"end":{"line":552,"column":32}},{"start":{"line":552,"column":36},"end":{"line":552,"column":55}}],"line":552},"61":{"loc":{"start":{"line":558,"column":40},"end":{"line":558,"column":70}},"type":"binary-expr","locations":[{"start":{"line":558,"column":40},"end":{"line":558,"column":47}},{"start":{"line":558,"column":51},"end":{"line":558,"column":70}}],"line":558},"62":{"loc":{"start":{"line":560,"column":4},"end":{"line":566,"column":5}},"type":"if","locations":[{"start":{"line":560,"column":4},"end":{"line":566,"column":5}},{"start":{"line":560,"column":4},"end":{"line":566,"column":5}}],"line":560},"63":{"loc":{"start":{"line":568,"column":24},"end":{"line":568,"column":38}},"type":"binary-expr","locations":[{"start":{"line":568,"column":24},"end":{"line":568,"column":32}},{"start":{"line":568,"column":36},"end":{"line":568,"column":38}}],"line":568},"64":{"loc":{"start":{"line":571,"column":0},"end":{"line":574,"column":1}},"type":"if","locations":[{"start":{"line":571,"column":0},"end":{"line":574,"column":1}},{"start":{"line":571,"column":0},"end":{"line":574,"column":1}}],"line":571}},"s":{"0":1,"1":1,"2":1,"3":1,"4":1,"5":1,"6":1,"7":1,"8":1,"9":1,"10":1,"11":1,"12":1,"13":1,"14":1,"15":1,"16":1,"17":1,"18":1,"19":1,"20":1,"21":1,"22":1,"23":64,"24":1,"25":72,"26":0,"27":72,"28":48,"29":48,"30":0,"31":72,"32":24,"33":72,"34":1,"35":390,"36":390,"37":390,"38":390,"39":390,"40":8,"41":8,"42":0,"43":8,"44":390,"45":390,"46":1170,"47":1170,"48":390,"49":1,"50":527,"51":527,"52":24,"53":527,"54":0,"55":527,"56":0,"57":527,"58":1,"59":527,"60":527,"61":527,"62":1,"63":128,"64":1,"65":399,"66":1,"67":24,"68":24,"69":24,"70":24,"71":24,"72":0,"73":0,"74":0,"75":24,"76":0,"77":24,"78":0,"79":24,"80":0,"81":0,"82":24,"83":24,"84":24,"85":24,"86":24,"87":24,"88":24,"89":24,"90":24,"91":24,"92":24,"93":24,"94":0,"95":24,"96":24,"97":24,"98":24,"99":0,"100":0,"101":24,"102":24,"103":24,"104":8,"105":16,"106":16,"107":0,"108":16,"109":1,"110":4,"111":1,"112":40,"113":40,"114":40,"115":40,"116":40,"117":40,"118":1,"119":32,"120":32,"121":32,"122":32,"123":32,"124":32,"125":1,"126":32,"127":32,"128":32,"129":1,"130":0,"131":0,"132":0,"133":0,"134":0,"135":0,"136":0,"137":0,"138":0,"139":0,"140":0,"141":0,"142":0,"143":0,"144":0,"145":0,"146":0,"147":0,"148":0,"149":0,"150":0,"151":1,"152":0,"153":0,"154":0,"155":0,"156":0,"157":0,"158":0,"159":0,"160":0,"161":0,"162":0,"163":0,"164":0,"165":0,"166":0,"167":0,"168":0,"169":0,"170":0,"171":0,"172":0,"173":0,"174":390,"175":390,"176":390,"177":1,"178":632,"179":632,"180":472,"181":160,"182":1,"183":8,"184":8,"185":168,"186":168,"187":8,"188":1,"189":24,"190":24,"191":128,"192":24,"193":1,"194":164,"195":152,"196":164,"197":156,"198":156,"199":156,"200":156,"201":156,"202":156,"203":156,"204":8,"205":1,"206":100,"207":100,"208":100,"209":100,"210":100,"211":100,"212":100,"213":100,"214":0,"215":100,"216":100,"217":100,"218":100,"219":0,"220":1,"221":8,"222":8,"223":8,"224":72,"225":8,"226":1,"227":0,"228":0,"229":0,"230":0,"231":0,"232":1,"233":0,"234":0,"235":0,"236":0,"237":0,"238":0,"239":0,"240":1,"241":0,"242":0,"243":1,"244":0,"245":0,"246":0,"247":0,"248":0,"249":1,"250":1,"251":1,"252":1},"f":{"0":64,"1":72,"2":390,"3":8,"4":8,"5":1170,"6":527,"7":24,"8":0,"9":0,"10":527,"11":128,"12":399,"13":24,"14":24,"15":24,"16":16,"17":4,"18":40,"19":32,"20":32,"21":0,"22":0,"23":390,"24":632,"25":8,"26":168,"27":168,"28":24,"29":164,"30":100,"31":8,"32":72,"33":0,"34":0,"35":0,"36":0,"37":0,"38":0},"b":{"0":[64,48],"1":[0,72],"2":[72,72,72,72],"3":[48,24],"4":[48,0],"5":[48,0,0,0],"6":[24,48],"7":[8,0],"8":[24,24],"9":[0,24],"10":[0,24],"11":[24,0],"12":[0,24],"13":[24,24,24,24,24],"14":[0,24],"15":[24,0],"16":[24,8],"17":[0,24],"18":[8,16],"19":[24,16,12],"20":[8,8],"21":[8,8],"22":[0,16],"23":[16,16],"24":[16,24],"25":[32,8,8],"26":[0,0],"27":[0,0],"28":[0,0],"29":[0,0],"30":[0,0],"31":[0,0],"32":[0,0],"33":[0,0],"34":[0,0],"35":[0,0],"36":[0,0],"37":[0,0],"38":[0,0],"39":[0,0],"40":[0,0],"41":[0,0],"42":[0,0],"43":[0,0],"44":[0,0],"45":[0,0],"46":[0,0],"47":[0,0],"48":[0,0],"49":[632,160],"50":[472,160],"51":[152,12],"52":[156,8],"53":[100,0],"54":[100,100],"55":[100,0],"56":[0,100],"57":[100,0],"58":[100,100],"59":[0,0],"60":[0,0],"61":[0,0],"62":[0,0],"63":[0,0],"64":[1,0]},"_coverageSchema":"43e27e138ebf9cfc5966b082cf9a028302ed4184","hash":"85dcb701b7bf81a20656a0f21451844103fe8aab","contentHash":"68aeeb3668d0695984edd622c8ec74e2f87b39b071e481c5d971b408fbb533c6"},"/home/rohan/git/aion_web3/packages/web3-eth/src/getNetworkType.js":{"path":"/home/rohan/git/aion_web3/packages/web3-eth/src/getNetworkType.js","statementMap":{"0":{"start":{"line":27,"column":8},"end":{"line":27,"column":29}},"1":{"start":{"line":29,"column":21},"end":{"line":78,"column":1}},"2":{"start":{"line":30,"column":16},"end":{"line":30,"column":20}},"3":{"start":{"line":34,"column":4},"end":{"line":77,"column":11}},"4":{"start":{"line":37,"column":12},"end":{"line":37,"column":25}},"5":{"start":{"line":39,"column":12},"end":{"line":39,"column":37}},"6":{"start":{"line":42,"column":30},"end":{"line":42,"column":39}},"7":{"start":{"line":44,"column":12},"end":{"line":47,"column":13}},"8":{"start":{"line":46,"column":16},"end":{"line":46,"column":37}},"9":{"start":{"line":48,"column":12},"end":{"line":51,"column":13}},"10":{"start":{"line":50,"column":16},"end":{"line":50,"column":39}},"11":{"start":{"line":52,"column":12},"end":{"line":55,"column":13}},"12":{"start":{"line":54,"column":16},"end":{"line":54,"column":40}},"13":{"start":{"line":56,"column":12},"end":{"line":59,"column":13}},"14":{"start":{"line":58,"column":16},"end":{"line":58,"column":40}},"15":{"start":{"line":60,"column":12},"end":{"line":63,"column":13}},"16":{"start":{"line":62,"column":16},"end":{"line":62,"column":38}},"17":{"start":{"line":65,"column":12},"end":{"line":67,"column":13}},"18":{"start":{"line":66,"column":16},"end":{"line":66,"column":44}},"19":{"start":{"line":69,"column":12},"end":{"line":69,"column":31}},"20":{"start":{"line":72,"column":12},"end":{"line":76,"column":13}},"21":{"start":{"line":73,"column":16},"end":{"line":73,"column":30}},"22":{"start":{"line":75,"column":16},"end":{"line":75,"column":26}},"23":{"start":{"line":80,"column":0},"end":{"line":80,"column":32}}},"fnMap":{"0":{"name":"(anonymous_0)","decl":{"start":{"line":29,"column":21},"end":{"line":29,"column":22}},"loc":{"start":{"line":29,"column":41},"end":{"line":78,"column":1}},"line":29},"1":{"name":"(anonymous_1)","decl":{"start":{"line":35,"column":14},"end":{"line":35,"column":15}},"loc":{"start":{"line":35,"column":33},"end":{"line":40,"column":9}},"line":35},"2":{"name":"(anonymous_2)","decl":{"start":{"line":41,"column":14},"end":{"line":41,"column":15}},"loc":{"start":{"line":41,"column":33},"end":{"line":70,"column":9}},"line":41},"3":{"name":"(anonymous_3)","decl":{"start":{"line":71,"column":15},"end":{"line":71,"column":16}},"loc":{"start":{"line":71,"column":30},"end":{"line":77,"column":9}},"line":71}},"branchMap":{"0":{"loc":{"start":{"line":44,"column":12},"end":{"line":47,"column":13}},"type":"if","locations":[{"start":{"line":44,"column":12},"end":{"line":47,"column":13}},{"start":{"line":44,"column":12},"end":{"line":47,"column":13}}],"line":44},"1":{"loc":{"start":{"line":44,"column":16},"end":{"line":45,"column":24}},"type":"binary-expr","locations":[{"start":{"line":44,"column":16},"end":{"line":44,"column":101}},{"start":{"line":45,"column":16},"end":{"line":45,"column":24}}],"line":44},"2":{"loc":{"start":{"line":48,"column":12},"end":{"line":51,"column":13}},"type":"if","locations":[{"start":{"line":48,"column":12},"end":{"line":51,"column":13}},{"start":{"line":48,"column":12},"end":{"line":51,"column":13}}],"line":48},"3":{"loc":{"start":{"line":48,"column":16},"end":{"line":49,"column":24}},"type":"binary-expr","locations":[{"start":{"line":48,"column":16},"end":{"line":48,"column":99}},{"start":{"line":49,"column":16},"end":{"line":49,"column":24}}],"line":48},"4":{"loc":{"start":{"line":52,"column":12},"end":{"line":55,"column":13}},"type":"if","locations":[{"start":{"line":52,"column":12},"end":{"line":55,"column":13}},{"start":{"line":52,"column":12},"end":{"line":55,"column":13}}],"line":52},"5":{"loc":{"start":{"line":52,"column":16},"end":{"line":53,"column":24}},"type":"binary-expr","locations":[{"start":{"line":52,"column":16},"end":{"line":52,"column":101}},{"start":{"line":53,"column":16},"end":{"line":53,"column":24}}],"line":52},"6":{"loc":{"start":{"line":56,"column":12},"end":{"line":59,"column":13}},"type":"if","locations":[{"start":{"line":56,"column":12},"end":{"line":59,"column":13}},{"start":{"line":56,"column":12},"end":{"line":59,"column":13}}],"line":56},"7":{"loc":{"start":{"line":56,"column":16},"end":{"line":57,"column":24}},"type":"binary-expr","locations":[{"start":{"line":56,"column":16},"end":{"line":56,"column":101}},{"start":{"line":57,"column":16},"end":{"line":57,"column":24}}],"line":56},"8":{"loc":{"start":{"line":60,"column":12},"end":{"line":63,"column":13}},"type":"if","locations":[{"start":{"line":60,"column":12},"end":{"line":63,"column":13}},{"start":{"line":60,"column":12},"end":{"line":63,"column":13}}],"line":60},"9":{"loc":{"start":{"line":60,"column":16},"end":{"line":61,"column":25}},"type":"binary-expr","locations":[{"start":{"line":60,"column":16},"end":{"line":60,"column":101}},{"start":{"line":61,"column":16},"end":{"line":61,"column":25}}],"line":60},"10":{"loc":{"start":{"line":65,"column":12},"end":{"line":67,"column":13}},"type":"if","locations":[{"start":{"line":65,"column":12},"end":{"line":67,"column":13}},{"start":{"line":65,"column":12},"end":{"line":67,"column":13}}],"line":65},"11":{"loc":{"start":{"line":72,"column":12},"end":{"line":76,"column":13}},"type":"if","locations":[{"start":{"line":72,"column":12},"end":{"line":76,"column":13}},{"start":{"line":72,"column":12},"end":{"line":76,"column":13}}],"line":72}},"s":{"0":1,"1":1,"2":6,"3":6,"4":6,"5":6,"6":6,"7":6,"8":3,"9":6,"10":0,"11":6,"12":0,"13":6,"14":0,"15":6,"16":0,"17":6,"18":0,"19":6,"20":0,"21":0,"22":0,"23":1},"f":{"0":6,"1":6,"2":6,"3":0},"b":{"0":[3,3],"1":[6,4],"2":[0,6],"3":[6,0],"4":[0,6],"5":[6,0],"6":[0,6],"7":[6,0],"8":[0,6],"9":[6,0],"10":[0,6],"11":[0,0]},"_coverageSchema":"43e27e138ebf9cfc5966b082cf9a028302ed4184","hash":"1055874c6c5ea967c99e102dd386c62342d69949","contentHash":"4e9145f823516aa2d414d79022a505b90e2bf9c0c89b965e398197d0108c629b"},"/home/rohan/git/aion_web3/packages/web3-utils/src/bloomFilter.js":{"path":"/home/rohan/git/aion_web3/packages/web3-utils/src/bloomFilter.js","statementMap":{"0":{"start":{"line":34,"column":12},"end":{"line":34,"column":33}},"1":{"start":{"line":37,"column":4},"end":{"line":39,"column":5}},"2":{"start":{"line":38,"column":8},"end":{"line":38,"column":28}},"3":{"start":{"line":41,"column":4},"end":{"line":43,"column":5}},"4":{"start":{"line":42,"column":8},"end":{"line":42,"column":28}},"5":{"start":{"line":45,"column":4},"end":{"line":47,"column":5}},"6":{"start":{"line":46,"column":8},"end":{"line":46,"column":28}},"7":{"start":{"line":49,"column":4},"end":{"line":49,"column":26}},"8":{"start":{"line":53,"column":15},"end":{"line":53,"column":55}},"9":{"start":{"line":55,"column":4},"end":{"line":66,"column":5}},"10":{"start":{"line":55,"column":17},"end":{"line":55,"column":18}},"11":{"start":{"line":57,"column":21},"end":{"line":57,"column":106}},"12":{"start":{"line":60,"column":19},"end":{"line":60,"column":92}},"13":{"start":{"line":61,"column":21},"end":{"line":61,"column":38}},"14":{"start":{"line":63,"column":8},"end":{"line":65,"column":9}},"15":{"start":{"line":64,"column":12},"end":{"line":64,"column":25}},"16":{"start":{"line":68,"column":4},"end":{"line":68,"column":16}},"17":{"start":{"line":80,"column":18},"end":{"line":89,"column":1}},"18":{"start":{"line":81,"column":4},"end":{"line":83,"column":5}},"19":{"start":{"line":82,"column":8},"end":{"line":82,"column":47}},"20":{"start":{"line":84,"column":4},"end":{"line":86,"column":5}},"21":{"start":{"line":85,"column":8},"end":{"line":85,"column":67}},"22":{"start":{"line":88,"column":4},"end":{"line":88,"column":37}},"23":{"start":{"line":100,"column":16},"end":{"line":105,"column":1}},"24":{"start":{"line":101,"column":4},"end":{"line":101,"column":53}},"25":{"start":{"line":101,"column":31},"end":{"line":101,"column":53}},"26":{"start":{"line":102,"column":4},"end":{"line":102,"column":53}},"27":{"start":{"line":102,"column":31},"end":{"line":102,"column":53}},"28":{"start":{"line":104,"column":4},"end":{"line":104,"column":35}},"29":{"start":{"line":107,"column":0},"end":{"line":110,"column":2}}},"fnMap":{"0":{"name":"codePointToInt","decl":{"start":{"line":36,"column":9},"end":{"line":36,"column":23}},"loc":{"start":{"line":36,"column":35},"end":{"line":50,"column":1}},"line":36},"1":{"name":"testBytes","decl":{"start":{"line":52,"column":9},"end":{"line":52,"column":18}},"loc":{"start":{"line":52,"column":33},"end":{"line":69,"column":1}},"line":52},"2":{"name":"(anonymous_2)","decl":{"start":{"line":80,"column":18},"end":{"line":80,"column":19}},"loc":{"start":{"line":80,"column":43},"end":{"line":89,"column":1}},"line":80},"3":{"name":"(anonymous_3)","decl":{"start":{"line":100,"column":16},"end":{"line":100,"column":17}},"loc":{"start":{"line":100,"column":39},"end":{"line":105,"column":1}},"line":100}},"branchMap":{"0":{"loc":{"start":{"line":37,"column":4},"end":{"line":39,"column":5}},"type":"if","locations":[{"start":{"line":37,"column":4},"end":{"line":39,"column":5}},{"start":{"line":37,"column":4},"end":{"line":39,"column":5}}],"line":37},"1":{"loc":{"start":{"line":37,"column":8},"end":{"line":37,"column":42}},"type":"binary-expr","locations":[{"start":{"line":37,"column":8},"end":{"line":37,"column":23}},{"start":{"line":37,"column":27},"end":{"line":37,"column":42}}],"line":37},"2":{"loc":{"start":{"line":41,"column":4},"end":{"line":43,"column":5}},"type":"if","locations":[{"start":{"line":41,"column":4},"end":{"line":43,"column":5}},{"start":{"line":41,"column":4},"end":{"line":43,"column":5}}],"line":41},"3":{"loc":{"start":{"line":41,"column":8},"end":{"line":41,"column":42}},"type":"binary-expr","locations":[{"start":{"line":41,"column":8},"end":{"line":41,"column":23}},{"start":{"line":41,"column":27},"end":{"line":41,"column":42}}],"line":41},"4":{"loc":{"start":{"line":45,"column":4},"end":{"line":47,"column":5}},"type":"if","locations":[{"start":{"line":45,"column":4},"end":{"line":47,"column":5}},{"start":{"line":45,"column":4},"end":{"line":47,"column":5}}],"line":45},"5":{"loc":{"start":{"line":45,"column":8},"end":{"line":45,"column":43}},"type":"binary-expr","locations":[{"start":{"line":45,"column":8},"end":{"line":45,"column":23}},{"start":{"line":45,"column":27},"end":{"line":45,"column":43}}],"line":45},"6":{"loc":{"start":{"line":63,"column":8},"end":{"line":65,"column":9}},"type":"if","locations":[{"start":{"line":63,"column":8},"end":{"line":65,"column":9}},{"start":{"line":63,"column":8},"end":{"line":65,"column":9}}],"line":63},"7":{"loc":{"start":{"line":81,"column":4},"end":{"line":83,"column":5}},"type":"if","locations":[{"start":{"line":81,"column":4},"end":{"line":83,"column":5}},{"start":{"line":81,"column":4},"end":{"line":83,"column":5}}],"line":81},"8":{"loc":{"start":{"line":84,"column":4},"end":{"line":86,"column":5}},"type":"if","locations":[{"start":{"line":84,"column":4},"end":{"line":86,"column":5}},{"start":{"line":84,"column":4},"end":{"line":86,"column":5}}],"line":84},"9":{"loc":{"start":{"line":101,"column":4},"end":{"line":101,"column":53}},"type":"if","locations":[{"start":{"line":101,"column":4},"end":{"line":101,"column":53}},{"start":{"line":101,"column":4},"end":{"line":101,"column":53}}],"line":101},"10":{"loc":{"start":{"line":102,"column":4},"end":{"line":102,"column":53}},"type":"if","locations":[{"start":{"line":102,"column":4},"end":{"line":102,"column":53}},{"start":{"line":102,"column":4},"end":{"line":102,"column":53}}],"line":102}},"s":{"0":1,"1":9,"2":9,"3":0,"4":0,"5":0,"6":0,"7":0,"8":5,"9":5,"10":5,"11":9,"12":9,"13":9,"14":9,"15":3,"16":2,"17":1,"18":2,"19":0,"20":2,"21":0,"22":2,"23":1,"24":3,"25":0,"26":3,"27":0,"28":3,"29":1},"f":{"0":9,"1":5,"2":2,"3":3},"b":{"0":[9,0],"1":[9,9],"2":[0,0],"3":[0,0],"4":[0,0],"5":[0,0],"6":[3,6],"7":[0,2],"8":[0,2],"9":[0,3],"10":[0,3]},"_coverageSchema":"43e27e138ebf9cfc5966b082cf9a028302ed4184","hash":"de446bcc88d23ed850573dbb6ec1dd7a94621217","contentHash":"4ba120666d9a2a417e92331e4d811a2e92da99b2148a4d6d9a75b2b0d5706b65"}}